Log file open, 11/03/14 11:36:01
LogInit:Display: Running engine for game: Claudia
LogInit: Version: 4.4.3-2296771+++depot+UE4-Releases+4.4
LogInit: API Version: 2255576
LogInit: Compiled (64-bit): Sep 13 2014 22:30:58
LogInit: Build Configuration: Development
LogInit: Branch Name: ++depot+UE4-Releases+4.4
LogInit: Command line:  
LogInit: Base directory: C:/Program Files/Unreal Engine/4.4/Engine/Binaries/Win64/
LogInit: Rocket: 1
[2014.11.03-00.36.01:781][  0]LogTaskGraph: Started task graph with 3 named threads and 4 total threads.
[2014.11.03-00.36.02:195][  0]LogOnline:Warning: No default platform service specified for OnlineSubsystem
[2014.11.03-00.36.04:291][  0]LogInit: Presizing for 0 objects not considered by GC, pre-allocating 0 bytes.
[2014.11.03-00.36.08:671][  0]LogInit: Object subsystem initialized
[2014.11.03-00.36.10:150][  0]LogInit: Selected Device Profile: [Windows]
[2014.11.03-00.36.10:150][  0]LogInit: Applying CVar settings loaded from the selected device profile: [Windows]
[2014.11.03-00.36.10:974][  0]LogInit: Computer: VAIOTANI
[2014.11.03-00.36.10:974][  0]LogInit: User: tawnknee
[2014.11.03-00.36.10:975][  0]LogInit: CPU Page size=4096, Cores=2
[2014.11.03-00.36.10:975][  0]LogInit: High frequency timer resolution =2.435884 MHz
[2014.11.03-00.36.10:975][  0]LogMemory: Memory total: Physical=3.9GB (4GB approx) Virtual=131072.0GB
[2014.11.03-00.36.10:976][  0]LogMemory: Platform Memory Stats for Windows
[2014.11.03-00.36.10:976][  0]LogMemory: Process Physical Memory: 60.02 MB used, 60.17 MB peak
[2014.11.03-00.36.10:976][  0]LogMemory: Process Virtual Memory: 36.01 MB used, 36.18 MB peak
[2014.11.03-00.36.10:976][  0]LogMemory: Physical Memory: 2097.36 MB used, 3974.80 MB total
[2014.11.03-00.36.10:976][  0]LogMemory: Virtual Memory: 269.34 MB used, 134217728.00 MB total
[2014.11.03-00.36.17:671][  0]LogD3D11RHI: Found D3D11 adapter 0: Intel(R) HD Graphics 4000 (Feature Level 11_0)
[2014.11.03-00.36.17:671][  0]LogD3D11RHI: Adapter has 32MB of dedicated video memory, 0MB of dedicated system memory, and 1760MB of shared system memory, 1 output[s]
[2014.11.03-00.36.17:820][  0]LogD3D11RHI: Found D3D11 adapter 1: NVIDIA GeForce GT 740M (Feature Level 11_0)
[2014.11.03-00.36.17:820][  0]LogD3D11RHI: Adapter has 950MB of dedicated video memory, 0MB of dedicated system memory, and 1987MB of shared system memory, 0 output[s]
[2014.11.03-00.36.17:846][  0]LogD3D11RHI: Found D3D11 adapter 2: Microsoft Basic Render Driver (Feature Level 11_0)
[2014.11.03-00.36.17:846][  0]LogD3D11RHI: Adapter has 0MB of dedicated video memory, 0MB of dedicated system memory, and 256MB of shared system memory, 0 output[s]
[2014.11.03-00.36.17:846][  0]LogD3D11RHI: Chosen D3D11 Adapter Id = 0
[2014.11.03-00.36.18:037][  0]LogRHI: Texture pool is 1361 MB (70% of 1944 MB)
[2014.11.03-00.36.18:592][  0]LogD3D11RHI: Async texture creation enabled
[2014.11.03-00.36.41:349][  0]LogContentStreaming: Texture pool size is 0.000000MB
[2014.11.03-00.37.00:365][  0]LogTargetPlatformManager:Display: Building Assets For Windows
[2014.11.03-00.37.04:826][  0]LogTargetPlatformManager:Display: Building Assets For Windows
[2014.11.03-00.37.04:894][  0]LogDerivedDataCache:Display: Max Cache Size: 512 MB
[2014.11.03-00.37.05:932][  0]LogDerivedDataCache: Loaded boot cache 0.98s 39MB C:/Users/tawnknee/AppData/Local/UnrealEngine/4.4/DerivedDataCache/Boot.ddc.
[2014.11.03-00.37.05:932][  0]LogDerivedDataCache:Display: Loaded Boot cache: C:/Users/tawnknee/AppData/Local/UnrealEngine/4.4/DerivedDataCache/Boot.ddc
[2014.11.03-00.37.05:932][  0]LogDerivedDataCache: FDerivedDataBackendGraph:  Pak pak cache file ../../../../../../GIT/404/Claudia/DerivedDataCache/DDC.ddp not found, will not use a pak cache.
[2014.11.03-00.37.05:932][  0]LogDerivedDataCache: Unable to find inner node Pak for hierarchical cache Hierarchy.
[2014.11.03-00.37.05:986][  0]LogDerivedDataCache:Display: Pak cache opened for reading ../../../Engine/DerivedDataCache/DDC.ddp.
[2014.11.03-00.37.06:006][  0]LogDerivedDataCache: Using Local data cache path C:/Users/tawnknee/AppData/Local/UnrealEngine/4.4/DerivedDataCache: Writable
[2014.11.03-00.37.16:395][  0]LogMeshUtilities: No automatic mesh reduction module available
[2014.11.03-00.37.16:395][  0]LogMeshUtilities: No automatic mesh merging module available
[2014.11.03-00.37.23:320][  0]LogInit: WinSock: version 1.1 (2.2), MaxSocks=32767, MaxUdp=65467
[2014.11.03-00.38.01:626][  0]LogStats:Warning: MetaData mismatch. Did you assign a stat to two groups? New //STATGROUP_Threads//FMonitoredProcess///Thread_1700_0///////STATCAT_Advanced//// old //STATGROUP_Threads//FMonitoredProcess///Thread_1d80_0///////STATCAT_Advanced////
[2014.11.03-00.38.01:626][  0]UdpMessaging: Initializing bridge on interface 0.0.0.0:0 to multicast group 230.0.0.1:6666.
[2014.11.03-00.38.02:002][  0]LogConfig:Warning: Failed to saved backup for config[SourceControlSettings]
[2014.11.03-00.38.02:005][  0]LogConfig:Warning: Failed to saved backup for config[SourceControlSettings]
[2014.11.03-00.38.02:099][  0]SourceControl: Info Source control is disabled
[2014.11.03-00.38.02:099][  0]SourceControl: Info Source control is disabled
[2014.11.03-00.38.02:108][  0]SourceControl: Info Source control is disabled
[2014.11.03-00.38.04:727][  0]BlueprintLog: New page: Editor Load
[2014.11.03-00.38.04:968][  0]LogConfig:Warning: Failed to saved backup for config[TemplateDefs]
[2014.11.03-00.38.05:602][  0]LogObj: 21452 objects as part of root set at end of initial load.
[2014.11.03-00.38.05:602][  0]LogUObjectAllocator: 4228544 out of 0 bytes used by permanent object pool.
[2014.11.03-00.38.07:012][  0]LogEngine: Initializing Engine...
[2014.11.03-00.38.07:895][  0]LogInit: XAudio2 using 'Speaker/HP (Realtek High Definition Audio)' : 2 channels at 44.1 kHz using 16 bits per sample (channel mask 0x3)
[2014.11.03-00.38.08:115][  0]LogInit: FAudioDevice initialized.
[2014.11.03-00.38.08:569][  0]LogAIModule: Creating AISystem for world NewWorld
[2014.11.03-00.38.08:782][  0]LogDerivedDataCache: Saved boot cache 0.08s 39MB C:/Users/tawnknee/AppData/Local/UnrealEngine/4.4/DerivedDataCache/Boot.ddc.
[2014.11.03-00.38.08:788][  0]LogInit: Texture streaming: Enabled
[2014.11.03-00.38.11:282][  0]LogInit: Transaction tracking system initialized
[2014.11.03-00.38.14:904][  0]LogAssetRegistry: FAssetRegistry took 0.0795 seconds to start up
[2014.11.03-00.38.22:576][  0]LogTargetPlatformManager:Display: Building Assets For Windows
[2014.11.03-00.38.25:001][  0]LogTargetPlatformManager:Display: Building Assets For Windows
[2014.11.03-00.38.25:939][  0]LogConsoleResponse:Display: 
[2014.11.03-00.38.31:733][  0]LogStats:Warning: MetaData mismatch. Did you assign a stat to two groups? New //STATGROUP_Threads//FMonitoredProcess///Thread_27e4_0///////STATCAT_Advanced//// old //STATGROUP_Threads//FMonitoredProcess///Thread_1d80_0///////STATCAT_Advanced////
[2014.11.03-00.38.31:733][  0]LogStats:Warning: MetaData mismatch. Did you assign a stat to two groups? New //STATGROUP_Threads//FMonitoredProcess///Thread_7dc_0///////STATCAT_Advanced//// old //STATGROUP_Threads//FMonitoredProcess///Thread_1d80_0///////STATCAT_Advanced////
[2014.11.03-00.38.31:733][  0]SourceControl: Info Source control is disabled
[2014.11.03-00.38.31:824][  0]Cmd: MAP LOAD FILE="../../../../../../GIT/404/Claudia/Content/Maps/greybox.umap" TEMPLATE=0 SHOWPROGRESS=1
[2014.11.03-00.38.31:900][  0]LightingResults: New page: Lighting Build
[2014.11.03-00.38.32:063][  0]MapCheck: New page: Map Check
[2014.11.03-00.38.32:063][  0]LightingResults: New page: Lighting Build
[2014.11.03-00.38.32:370][  0]LogParticles: Destroying 0 GPU particle simulations for FXSystem 0x00000077B2C3C220
[2014.11.03-00.38.32:779][  0]LogLinker:Warning: Asset '../../../../../../GIT/404/Claudia/Content/Blueprints/2DLift.uasset' has been saved with empty engine version. The asset will be loaded but may be incompatible.
[2014.11.03-00.38.33:401][  0]LogLinker:Warning: Asset '../../../../../../GIT/404/Claudia/Content/Data/AnimationState.uasset' has been saved with empty engine version. The asset will be loaded but may be incompatible.
[2014.11.03-00.38.34:293][  0]LogLinker:Warning: Asset '../../../../../../GIT/404/Claudia/Content/Sprites/crosshair_Sprite.uasset' has been saved with empty engine version. The asset will be loaded but may be incompatible.
[2014.11.03-00.38.34:309][  0]LogLinker:Warning: Asset '../../../../../../GIT/404/Claudia/Content/Textures/crosshair.uasset' has been saved with empty engine version. The asset will be loaded but may be incompatible.
[2014.11.03-00.38.34:768][  0]LogLinker:Warning: Asset '../../../../../../GIT/404/Claudia/Content/Sprites/Platform.uasset' has been saved with empty engine version. The asset will be loaded but may be incompatible.
[2014.11.03-00.38.34:782][  0]LogLinker:Warning: Asset '../../../../../../GIT/404/Claudia/Content/Textures/2DBackgroundBlockAtlas.uasset' has been saved with empty engine version. The asset will be loaded but may be incompatible.
[2014.11.03-00.38.50:310][  0]LogEditorServer: Finished looking for orphan Actors (0.000 secs)
[2014.11.03-00.38.50:369][  0]LogAIModule: Creating AISystem for world greybox
[2014.11.03-00.38.50:531][  0]Cmd: MAP CHECKDEP
[2014.11.03-00.38.50:531][  0]MapCheck: New page: greybox - 3 Nov 2014 10:38:50 pm
[2014.11.03-00.38.50:766][  0]MapCheck: Info ========== Map Check: 0 Error(s), 0 Warning(s), [234.534ms] ==========
[2014.11.03-00.38.50:766][  0]LogFileHelpers: Loading map 'greybox' took 18.954
[2014.11.03-00.38.53:553][  0]LogCollectionManager: Loaded 0 collections in 0.001798 seconds
[2014.11.03-00.39.08:477][  0]LogCrashTracker: Crashtracker disabled due to settings.
[2014.11.03-00.39.09:046][  0]LogLoad: Full Startup: 232.62 seconds (BP compile: 0.81 seconds)
[2014.11.03-00.39.09:268][  0]LogContentBrowser:Verbose: The content browser source was changed by the sources view to '/Game/Flipbooks/Claudia'
[2014.11.03-00.39.13:844][  0]LogRenderer:Warning: Reallocating scene render targets to support 768x584.
[2014.11.03-00.39.17:170][  3]LogAssetRegistry: Asset discovery search completed in 62.3465 seconds
[2014.11.03-00.39.23:653][187]Cmd: QUIT_EDITOR
[2014.11.03-00.39.23:903][187]LogWindowsTextInputMethodSystem:Error: Terminating failed while unadvising the language notification sink from the TSF source.
[2014.11.03-00.39.24:029][187]LogExit: Preparing to exit.
[2014.11.03-00.39.25:014][187]LogExit: Editor shut down
[2014.11.03-00.39.25:015][187]LogExit: Transaction tracking system shut down
[2014.11.03-00.39.25:015][187]LogParticles: Destroying 0 GPU particle simulations for FXSystem 0x00000077B29339C0
[2014.11.03-00.39.25:017][187]LogParticles: Destroying 0 GPU particle simulations for FXSystem 0x00000077AEDD45E0
[2014.11.03-00.39.25:622][187]LogExit: Object subsystem successfully closed.
[2014.11.03-00.39.26:139][187]LogModuleManager: Shutting down and abandoning module AndroidDeviceDetection (162)
[2014.11.03-00.39.26:139][187]LogModuleManager: Shutting down and abandoning module HTTP (161)
[2014.11.03-00.39.26:139][187]LogModuleManager: Shutting down and abandoning module CrashTracker (160)
[2014.11.03-00.39.26:139][187]LogModuleManager: Shutting down and abandoning module SuperSearch (159)
[2014.11.03-00.39.26:176][187]LogModuleManager: Shutting down and abandoning module SceneOutliner (158)
[2014.11.03-00.39.26:176][187]LogModuleManager: Shutting down and abandoning module EditorWidgets (157)
[2014.11.03-00.39.26:176][187]LogModuleManager: Shutting down and abandoning module CollectionManager (156)
[2014.11.03-00.39.26:185][187]LogModuleManager: Shutting down and abandoning module StatsViewer (155)
[2014.11.03-00.39.26:203][187]LogModuleManager: Shutting down and abandoning module FoliageEdit (154)
[2014.11.03-00.39.26:203][187]LogModuleManager: Shutting down and abandoning module LandscapeEditor (153)
[2014.11.03-00.39.26:273][187]LogModuleManager: Shutting down and abandoning module MeshPaint (152)
[2014.11.03-00.39.26:273][187]LogModuleManager: Shutting down and abandoning module ActorPickerMode (151)
[2014.11.03-00.39.26:273][187]LogModuleManager: Shutting down and abandoning module GeometryMode (150)
[2014.11.03-00.39.26:273][187]LogModuleManager: Shutting down and abandoning module TextureAlignMode (149)
[2014.11.03-00.39.26:273][187]LogModuleManager: Shutting down and abandoning module BspMode (148)
[2014.11.03-00.39.26:273][187]LogModuleManager: Shutting down and abandoning module PlacementMode (147)
[2014.11.03-00.39.26:273][187]LogModuleManager: Shutting down and abandoning module AutomationWorker (146)
[2014.11.03-00.39.26:273][187]LogModuleManager: Shutting down and abandoning module EditorLiveStreaming (145)
[2014.11.03-00.39.26:273][187]LogModuleManager: Shutting down and abandoning module BehaviorTreeEditor (144)
[2014.11.03-00.39.26:301][187]LogModuleManager: Shutting down and abandoning module DeviceProfileEditor (143)
[2014.11.03-00.39.26:301][187]LogModuleManager: Shutting down and abandoning module UndoHistory (142)
[2014.11.03-00.39.26:301][187]LogModuleManager: Shutting down and abandoning module GameplayTagsEditor (141)
[2014.11.03-00.39.26:301][187]LogModuleManager: Shutting down and abandoning module UserFeedback (140)
[2014.11.03-00.39.26:301][187]LogModuleManager: Shutting down and abandoning module XmlParser (139)
[2014.11.03-00.39.26:301][187]LogModuleManager: Shutting down and abandoning module Blutility (138)
[2014.11.03-00.39.26:301][187]LogModuleManager: Shutting down and abandoning module IOSPlatformEditor (137)
[2014.11.03-00.39.26:301][187]LogModuleManager: Shutting down and abandoning module IOSRuntimeSettings (136)
[2014.11.03-00.39.26:301][187]LogModuleManager: Shutting down and abandoning module AndroidPlatformEditor (135)
[2014.11.03-00.39.26:301][187]LogModuleManager: Shutting down and abandoning module AndroidRuntimeSettings (134)
[2014.11.03-00.39.26:301][187]LogModuleManager: Shutting down and abandoning module ProjectTargetPlatformEditor (133)
[2014.11.03-00.39.26:301][187]LogModuleManager: Shutting down and abandoning module ProjectSettingsViewer (132)
[2014.11.03-00.39.26:302][187]LogModuleManager: Shutting down and abandoning module InputBindingEditor (131)
[2014.11.03-00.39.26:302][187]LogModuleManager: Shutting down and abandoning module EditorSettingsViewer (130)
[2014.11.03-00.39.26:302][187]LogModuleManager: Shutting down and abandoning module SettingsEditor (129)
[2014.11.03-00.39.26:312][187]LogModuleManager: Shutting down and abandoning module SessionLauncher (128)
[2014.11.03-00.39.26:312][187]LogModuleManager: Shutting down and abandoning module SessionFrontend (127)
[2014.11.03-00.39.26:312][187]LogModuleManager: Shutting down and abandoning module ProfilerClient (126)
[2014.11.03-00.39.26:318][187]LogModuleManager: Shutting down and abandoning module TargetDeviceServices (125)
[2014.11.03-00.39.26:319][187]LogModuleManager: Shutting down and abandoning module DeviceManager (124)
[2014.11.03-00.39.26:319][187]LogModuleManager: Shutting down and abandoning module AutomationController (123)
[2014.11.03-00.39.26:319][187]LogModuleManager: Shutting down and abandoning module AutomationWindow (122)
[2014.11.03-00.39.26:334][187]LogModuleManager: Shutting down and abandoning module Layers (121)
[2014.11.03-00.39.26:347][187]LogModuleManager: Shutting down and abandoning module ComponentVisualizers (120)
[2014.11.03-00.39.26:347][187]LogModuleManager: Shutting down and abandoning module DetailCustomizations (119)
[2014.11.03-00.39.26:348][187]LogModuleManager: Shutting down and abandoning module PackagesDialog (118)
[2014.11.03-00.39.26:348][187]LogModuleManager: Shutting down and abandoning module DirectoryWatcher (117)
[2014.11.03-00.39.26:348][187]LogModuleManager: Shutting down and abandoning module AssetRegistry (116)
[2014.11.03-00.39.26:429][187]LogModuleManager: Shutting down and abandoning module Persona (115)
[2014.11.03-00.39.26:480][187]LogModuleManager: Shutting down and abandoning module GraphEditor (114)
[2014.11.03-00.39.26:490][187]LogModuleManager: Shutting down and abandoning module ClassViewer (113)
[2014.11.03-00.39.26:490][187]LogModuleManager: Shutting down and abandoning module Toolbox (112)
[2014.11.03-00.39.26:490][187]LogModuleManager: Shutting down and abandoning module ModuleUI (111)
[2014.11.03-00.39.26:495][187]LogModuleManager: Shutting down and abandoning module Sequencer (110)
[2014.11.03-00.39.26:573][187]LogModuleManager: Shutting down and abandoning module MovieSceneTools (109)
[2014.11.03-00.39.26:573][187]LogModuleManager: Shutting down and abandoning module OutputLog (108)
[2014.11.03-00.39.26:573][187]LogModuleManager: Shutting down and abandoning module GammaUI (107)
[2014.11.03-00.39.26:594][187]LogModuleManager: Shutting down and abandoning module Documentation (106)
[2014.11.03-00.39.26:594][187]LogModuleManager: Shutting down and abandoning module GameLiveStreaming (105)
[2014.11.03-00.39.26:594][187]LogModuleManager: Shutting down and abandoning module DesktopPlatform (104)
[2014.11.03-00.39.26:594][187]LogModuleManager: Shutting down and abandoning module StreamingPauseRendering (103)
[2014.11.03-00.39.26:594][187]LogModuleManager: Shutting down and abandoning module AnalyticsET (102)
[2014.11.03-00.39.26:594][187]LogModuleManager: Shutting down and abandoning module Analytics (101)
[2014.11.03-00.39.26:594][187]LogModuleManager: Shutting down and abandoning module GameplayDebugger (100)
[2014.11.03-00.39.26:594][187]LogModuleManager: Shutting down and abandoning module AIModule (99)
[2014.11.03-00.39.26:594][187]LogModuleManager: Shutting down and abandoning module ProfilerService (98)
[2014.11.03-00.39.26:706][187]LogModuleManager: Shutting down and abandoning module TaskGraph (97)
[2014.11.03-00.39.26:764][187]LogModuleManager: Shutting down and abandoning module SlateRemote (96)
[2014.11.03-00.39.26:764][187]LogModuleManager: Shutting down and abandoning module ScriptEditorPlugin (95)
[2014.11.03-00.39.26:764][187]LogModuleManager: Shutting down and abandoning module CustomMeshComponent (94)
[2014.11.03-00.39.26:764][187]LogModuleManager: Shutting down and abandoning module CableComponent (93)
[2014.11.03-00.39.26:764][187]LogModuleManager: Shutting down and abandoning module MessagingDebugger (92)
[2014.11.03-00.39.26:837][187]LogModuleManager: Shutting down and abandoning module ViewportSnapping (91)
[2014.11.03-00.39.26:837][187]LogModuleManager: Shutting down and abandoning module SmartSnapping (90)
[2014.11.03-00.39.26:837][187]LogModuleManager: Shutting down and abandoning module PaperTiledImporter (89)
[2014.11.03-00.39.26:837][187]LogModuleManager: Shutting down and abandoning module PaperJsonImporter (88)
[2014.11.03-00.39.26:837][187]LogModuleManager: Shutting down and abandoning module GameProjectGeneration (87)
[2014.11.03-00.39.26:837][187]LogModuleManager: Shutting down and abandoning module Matinee (86)
[2014.11.03-00.39.26:865][187]LogModuleManager: Shutting down and abandoning module Kismet (85)
[2014.11.03-00.39.26:916][187]LogModuleManager: Shutting down and abandoning module SlateReflector (84)
[2014.11.03-00.39.26:916][187]LogModuleManager: Shutting down and abandoning module LevelEditor (83)
[2014.11.03-00.39.26:919][187]LogModuleManager: Shutting down and abandoning module IntroTutorials (82)
[2014.11.03-00.39.26:919][187]LogModuleManager: Shutting down and abandoning module ContentBrowser (81)
[2014.11.03-00.39.26:919][187]LogModuleManager: Shutting down and abandoning module PropertyEditor (80)
[2014.11.03-00.39.26:919][187]LogModuleManager: Shutting down and abandoning module AssetTools (79)
[2014.11.03-00.39.26:978][187]LogModuleManager: Shutting down and abandoning module Paper2DEditor (78)
[2014.11.03-00.39.26:996][187]LogModuleManager: Shutting down and abandoning module SpeedTreeImporter (77)
[2014.11.03-00.39.26:996][187]LogModuleManager: Shutting down and abandoning module PluginsEditor (76)
[2014.11.03-00.39.26:996][187]LogModuleManager: Shutting down and abandoning module MainFrame (75)
[2014.11.03-00.39.26:996][187]LogModuleManager: Shutting down and abandoning module EpicSurvey (74)
[2014.11.03-00.39.26:996][187]LogModuleManager: Shutting down and abandoning module VisualStudioSourceCodeAccess (73)
[2014.11.03-00.39.26:996][187]LogModuleManager: Shutting down and abandoning module UObjectPlugin (72)
[2014.11.03-00.39.26:996][187]LogModuleManager: Shutting down and abandoning module SubversionSourceControl (71)
[2014.11.03-00.39.26:996][187]LogModuleManager: Shutting down and abandoning module SourceControl (70)
[2014.11.03-00.39.26:996][187]LogModuleManager: Shutting down and abandoning module PerforceSourceControl (69)
[2014.11.03-00.39.27:060][187]LogModuleManager: Shutting down and abandoning module BlankPlugin (68)
[2014.11.03-00.39.27:060][187]LogModuleManager: Shutting down and abandoning module Claudia (67)
[2014.11.03-00.39.27:060][187]LogModuleManager: Shutting down and abandoning module ScriptPlugin (66)
[2014.11.03-00.39.27:072][187]LogModuleManager: Shutting down and abandoning module UdpMessaging (65)
[2014.11.03-00.39.27:173][187]LogModuleManager: Shutting down and abandoning module Paper2D (64)
[2014.11.03-00.39.27:173][187]LogModuleManager: Shutting down and abandoning module WindowsMoviePlayer (63)
[2014.11.03-00.39.27:228][187]LogModuleManager: Shutting down and abandoning module ImageWrapper (62)
[2014.11.03-00.39.27:228][187]LogModuleManager: Shutting down and abandoning module OnlineBlueprintSupport (61)
[2014.11.03-00.39.27:228][187]LogModuleManager: Shutting down and abandoning module FunctionalTesting (60)
[2014.11.03-00.39.27:228][187]LogModuleManager: Shutting down and abandoning module CollisionAnalyzer (59)
[2014.11.03-00.39.27:291][187]LogModuleManager: Shutting down and abandoning module WorkspaceMenuStructure (58)
[2014.11.03-00.39.27:291][187]LogModuleManager: Shutting down and abandoning module MessageLog (57)
[2014.11.03-00.39.27:291][187]LogModuleManager: Shutting down and abandoning module UMGEditor (56)
[2014.11.03-00.39.27:362][187]LogModuleManager: Shutting down and abandoning module UMG (55)
[2014.11.03-00.39.27:375][187]LogModuleManager: Shutting down and abandoning module Slate (54)
[2014.11.03-00.39.27:375][187]LogModuleManager: Shutting down and abandoning module EditorStyle (53)
[2014.11.03-00.39.27:378][187]LogModuleManager: Shutting down and abandoning module SessionServices (52)
[2014.11.03-00.39.27:378][187]LogModuleManager: Shutting down and abandoning module SourceCodeAccess (51)
[2014.11.03-00.39.27:378][187]LogModuleManager: Shutting down and abandoning module HeadMountedDisplay (50)
[2014.11.03-00.39.27:378][187]LogModuleManager: Shutting down and abandoning module XAudio2 (49)
[2014.11.03-00.39.27:378][187]LogModuleManager: Shutting down and abandoning module Networking (47)
[2014.11.03-00.39.27:378][187]LogModuleManager: Shutting down and abandoning module Core (46)
[2014.11.03-00.39.27:378][187]LogModuleManager: Shutting down and abandoning module KismetCompiler (45)
[2014.11.03-00.39.27:378][187]LogModuleManager: Shutting down and abandoning module PhysXFormats (44)
[2014.11.03-00.39.27:378][187]LogModuleManager: Shutting down and abandoning module MeshUtilities (43)
[2014.11.03-00.39.27:411][187]LogModuleManager: Shutting down and abandoning module DerivedDataCache (42)
[2014.11.03-00.39.27:448][187]LogDerivedDataCache: Shutdown
[2014.11.03-00.39.27:448][187]LogModuleManager: Shutting down and abandoning module ShaderFormatOpenGL (41)
[2014.11.03-00.39.27:482][187]LogModuleManager: Shutting down and abandoning module ShaderFormatD3D (40)
[2014.11.03-00.39.27:482][187]LogModuleManager: Shutting down and abandoning module MetalShaderFormat (39)
[2014.11.03-00.39.27:544][187]LogModuleManager: Shutting down and abandoning module TextureFormatUncompressed (38)
[2014.11.03-00.39.27:544][187]LogModuleManager: Shutting down and abandoning module TextureFormatPVR (37)
[2014.11.03-00.39.27:544][187]LogModuleManager: Shutting down and abandoning module TextureFormatDXT (36)
[2014.11.03-00.39.27:544][187]LogModuleManager: Shutting down and abandoning module TextureFormatAndroid (35)
[2014.11.03-00.39.27:544][187]LogModuleManager: Shutting down and abandoning module AudioFormatOpus (34)
[2014.11.03-00.39.27:544][187]LogModuleManager: Shutting down and abandoning module AudioFormatOgg (33)
[2014.11.03-00.39.27:544][187]LogModuleManager: Shutting down and abandoning module AudioFormatADPCM (32)
[2014.11.03-00.39.27:544][187]LogModuleManager: Shutting down and abandoning module Messaging (31)
[2014.11.03-00.39.27:544][187]LogModuleManager: Shutting down and abandoning module IOSTargetPlatform (30)
[2014.11.03-00.39.27:544][187]LogModuleManager: Shutting down and abandoning module Android_PVRTCTargetPlatform (29)
[2014.11.03-00.39.27:544][187]LogModuleManager: Shutting down and abandoning module Android_ETC2TargetPlatform (28)
[2014.11.03-00.39.27:544][187]LogModuleManager: Shutting down and abandoning module Android_ETC1TargetPlatform (27)
[2014.11.03-00.39.27:544][187]LogModuleManager: Shutting down and abandoning module Android_DXTTargetPlatform (26)
[2014.11.03-00.39.27:544][187]LogModuleManager: Shutting down and abandoning module Android_ATCTargetPlatform (25)
[2014.11.03-00.39.27:544][187]LogModuleManager: Shutting down and abandoning module AndroidTargetPlatform (24)
[2014.11.03-00.39.27:544][187]LogModuleManager: Shutting down and abandoning module WindowsTargetPlatform (23)
[2014.11.03-00.39.27:544][187]LogModuleManager: Shutting down and abandoning module WindowsServerTargetPlatform (22)
[2014.11.03-00.39.27:544][187]LogModuleManager: Shutting down and abandoning module WindowsNoEditorTargetPlatform (21)
[2014.11.03-00.39.27:544][187]LogModuleManager: Shutting down and abandoning module WindowsClientTargetPlatform (20)
[2014.11.03-00.39.27:544][187]LogModuleManager: Shutting down and abandoning module TargetPlatform (19)
[2014.11.03-00.39.27:544][187]LogModuleManager: Shutting down and abandoning module InputCore (18)
[2014.11.03-00.39.27:544][187]LogModuleManager: Shutting down and abandoning module Settings (17)
[2014.11.03-00.39.27:544][187]LogModuleManager: Shutting down and abandoning module ExampleDeviceProfileSelector (14)
[2014.11.03-00.39.27:544][187]LogModuleManager: Shutting down and abandoning module OculusRift (13)
[2014.11.03-00.39.27:544][187]LogModuleManager: Shutting down and abandoning module TextureCompressor (12)
[2014.11.03-00.39.27:545][187]LogModuleManager: Shutting down and abandoning module ShaderCore (11)
[2014.11.03-00.39.27:545][187]LogModuleManager: Shutting down and abandoning module OpenGLDrv (10)
[2014.11.03-00.39.27:545][187]LogModuleManager: Shutting down and abandoning module D3D11RHI (9)
[2014.11.03-00.39.27:545][187]LogModuleManager: Shutting down and abandoning module SlateRHIRenderer (8)
[2014.11.03-00.39.27:545][187]LogModuleManager: Shutting down and abandoning module Renderer (7)
[2014.11.03-00.39.27:545][187]LogModuleManager: Shutting down and abandoning module Engine (6)
[2014.11.03-00.39.27:545][187]LogModuleManager: Shutting down and abandoning module CoreUObject (5)
[2014.11.03-00.39.27:545][187]LogModuleManager: Shutting down and abandoning module NetworkFile (4)
[2014.11.03-00.39.27:545][187]LogModuleManager: Shutting down and abandoning module StreamingFile (3)
[2014.11.03-00.39.27:545][187]LogModuleManager: Shutting down and abandoning module SandboxFile (2)
[2014.11.03-00.39.27:545][187]LogModuleManager: Shutting down and abandoning module PakFile (1)
[2014.11.03-00.39.27:587][187]LogExit: Exiting.
[2014.11.03-00.39.27:592][187]Log file closed, 11/03/14 11:39:27
