Log file open, 12/08/14 11:14:18
LogInit:Display: Running engine for game: Claudia
LogInit: Version: 4.5.1-2336687+++depot+UE4-Releases+4.5
LogInit: API Version: 2326478
LogInit: Compiled (64-bit): Oct 21 2014 22:32:40
LogInit: Compiled with Visual C++: 18.00.21005.01
LogInit: Build Configuration: Development
LogInit: Branch Name: ++depot+UE4-Releases+4.5
LogInit: Command line:  
LogInit: Base directory: C:/Program Files/Unreal Engine/4.5/Engine/Binaries/Win64/
LogInit: Rocket: 1
[2014.12.08-00.14.18:432][  0]LogTaskGraph: Started task graph with 3 named threads and 4 total threads.
[2014.12.08-00.14.18:460][  0]LogOnline:Warning: No default platform service specified for OnlineSubsystem
[2014.12.08-00.14.18:478][  0]LogInit: Presizing for 0 objects not considered by GC, pre-allocating 0 bytes.
[2014.12.08-00.14.18:488][  0]LogInit: Object subsystem initialized
[2014.12.08-00.14.18:491][  0]LogConsoleResponse:Warning: Skipping Unknown console variable: 'UIScaleRule = ShortestSide'
[2014.12.08-00.14.18:491][  0]LogConsoleResponse:Warning:   Found in ini file 'C:/Users/jsacdalan/Documents/Claudia/Claudia/Saved/Config/Windows/Engine.ini', in section '[/Script/Engine.RendererSettings]'
[2014.12.08-00.14.18:491][  0]LogConsoleResponse:Warning: Skipping Unknown console variable: 'UIScaleCurve = (EditorCurveData=(Keys=((Time=480,Value=0.444),(Time=720,Value=0.666),(Time=1080,Value=1.0),(Time=8640,Value=8.0))),ExternalCurve=None)'
[2014.12.08-00.14.18:491][  0]LogConsoleResponse:Warning:   Found in ini file 'C:/Users/jsacdalan/Documents/Claudia/Claudia/Saved/Config/Windows/Engine.ini', in section '[/Script/Engine.RendererSettings]'
[2014.12.08-00.14.18:492][  0]LogInit: Selected Device Profile: [Windows]
[2014.12.08-00.14.18:492][  0]LogInit: Applying CVar settings loaded from the selected device profile: [Windows]
[2014.12.08-00.14.18:499][  0]LogInit: Computer: SAE-SYD80512W
[2014.12.08-00.14.18:499][  0]LogInit: User: jsacdalan
[2014.12.08-00.14.18:500][  0]LogInit: CPU Page size=4096, Cores=4
[2014.12.08-00.14.18:500][  0]LogInit: High frequency timer resolution =3.020546 MHz
[2014.12.08-00.14.18:500][  0]LogMemory: Memory total: Physical=4.0GB (4GB approx) Virtual=8192.0GB
[2014.12.08-00.14.18:500][  0]LogMemory: Platform Memory Stats for Windows
[2014.12.08-00.14.18:500][  0]LogMemory: Process Physical Memory: 66.52 MB used, 66.52 MB peak
[2014.12.08-00.14.18:500][  0]LogMemory: Process Virtual Memory: 42.34 MB used, 42.34 MB peak
[2014.12.08-00.14.18:500][  0]LogMemory: Physical Memory: 3248.76 MB used, 4071.74 MB total
[2014.12.08-00.14.18:500][  0]LogMemory: Virtual Memory: 277.18 MB used, 8388608.00 MB total
[2014.12.08-00.14.18:517][  0]LogD3D11RHI: Found D3D11 adapter 0: AMD Radeon HD 6970M (Feature Level 11_0)
[2014.12.08-00.14.18:517][  0]LogD3D11RHI: Adapter has 1012MB of dedicated video memory, 0MB of dedicated system memory, and 1779MB of shared system memory, 1 output[s]
[2014.12.08-00.14.18:517][  0]LogD3D11RHI: Chosen D3D11 Adapter Id = 0
[2014.12.08-00.14.18:522][  0]LogRHI: Texture pool is 708 MB (70% of 1012 MB)
[2014.12.08-00.14.18:527][  0]LogD3D11RHI: Async texture creation disabled: no driver support
[2014.12.08-00.14.18:562][  0]LogTextLocalizationManager: The requested culture ('en_AU') has no localization data; parent culture's ('en') localization data will be used.
[2014.12.08-00.14.18:701][  0]LogContentStreaming: Texture pool size is 0.000000MB
[2014.12.08-00.14.23:821][  0]LogTargetPlatformManager:Display: Building Assets For Windows
[2014.12.08-00.14.24:676][  0]LogTargetPlatformManager:Display: Building Assets For Windows
[2014.12.08-00.14.24:726][  0]LogDerivedDataCache:Display: Max Cache Size: 512 MB
[2014.12.08-00.14.24:780][  0]LogDerivedDataCache: Loaded boot cache 0.05s 45MB C:/Users/jsacdalan/AppData/Local/UnrealEngine/4.5/DerivedDataCache/Boot.ddc.
[2014.12.08-00.14.24:780][  0]LogDerivedDataCache:Display: Loaded Boot cache: C:/Users/jsacdalan/AppData/Local/UnrealEngine/4.5/DerivedDataCache/Boot.ddc
[2014.12.08-00.14.24:780][  0]LogDerivedDataCache: FDerivedDataBackendGraph:  Pak pak cache file ../../../../../../Users/jsacdalan/Documents/Claudia/Claudia/DerivedDataCache/DDC.ddp not found, will not use a pak cache.
[2014.12.08-00.14.24:781][  0]LogDerivedDataCache: Unable to find inner node Pak for hierarchical cache Hierarchy.
[2014.12.08-00.14.24:852][  0]LogDerivedDataCache:Display: Pak cache opened for reading ../../../Engine/DerivedDataCache/DDC.ddp.
[2014.12.08-00.14.24:863][  0]LogDerivedDataCache: Using Local data cache path C:/Users/jsacdalan/AppData/Local/UnrealEngine/Common/DerivedDataCache: Writable
[2014.12.08-00.14.25:007][  0]LogCollisionProfile:Warning: Profile (EnemyDetection) - Custom Channel Name = 'grapplewalltrace' hasn't been found
[2014.12.08-00.14.25:044][  0]LogMeshUtilities: No automatic mesh reduction module available
[2014.12.08-00.14.25:044][  0]LogMeshUtilities: No automatic mesh merging module available
[2014.12.08-00.14.25:329][  0]LogLinker:Warning: Asset '../../../Engine/Content/Functions/Engine_MaterialFunctions02/Texturing/FlipBook.uasset' has been saved with empty engine version. The asset will be loaded but may be incompatible.
[2014.12.08-00.14.25:332][  0]LogLinker:Warning: Asset '../../../Engine/Content/Functions/Engine_MaterialFunctions02/ExampleContent/Textures/flipbook.uasset' has been saved with empty engine version. The asset will be loaded but may be incompatible.
[2014.12.08-00.14.25:494][  0]LogInit: WinSock: version 1.1 (2.2), MaxSocks=32767, MaxUdp=65467
[2014.12.08-00.14.26:556][  0]UdpMessaging: Initializing bridge on interface 0.0.0.0:0 to multicast group 230.0.0.1:6666.
[2014.12.08-00.14.27:295][  0]LogConfig:Warning: Failed to saved backup for config[SourceControlSettings]
[2014.12.08-00.14.27:345][  0]SourceControl: Info Source control is disabled
[2014.12.08-00.14.27:345][  0]SourceControl: Info Source control is disabled
[2014.12.08-00.14.27:352][  0]SourceControl: Info Source control is disabled
[2014.12.08-00.14.27:772][  0]LogObj: 22931 objects as part of root set at end of initial load.
[2014.12.08-00.14.27:772][  0]LogUObjectAllocator: 4815072 out of 0 bytes used by permanent object pool.
[2014.12.08-00.14.27:972][  0]LogEngine: Initializing Engine...
[2014.12.08-00.14.28:471][  0]LogInit: XAudio2 using 'Headphones (Cirrus Logic CS4206B (AB 32))' : 2 channels at 48 kHz using 32 bits per sample (channel mask 0x3)
[2014.12.08-00.14.28:586][  0]LogInit: FAudioDevice initialized.
[2014.12.08-00.14.28:886][  0]LogAIModule: Creating AISystem for world NewWorld
[2014.12.08-00.14.28:969][  0]LogDerivedDataCache: Saved boot cache 0.06s 45MB C:/Users/jsacdalan/AppData/Local/UnrealEngine/4.5/DerivedDataCache/Boot.ddc.
[2014.12.08-00.14.28:976][  0]LogInit: Texture streaming: Enabled
[2014.12.08-00.14.29:103][  0]LogInit: Transaction tracking system initialized
[2014.12.08-00.14.29:396][  0]BlueprintLog: New page: Editor Load
[2014.12.08-00.14.29:460][  0]LogAssetRegistry: FAssetRegistry took 0.0098 seconds to start up
[2014.12.08-00.14.29:460][  0]LogDirectoryWatcher:Warning: Failed to begin reading directory changes for ../../../Engine/Plugins/Experimental/CharacterAI/Content/. Error: 0
[2014.12.08-00.14.31:339][  0]LogTargetPlatformManager:Display: Building Assets For Windows
[2014.12.08-00.14.32:770][  0]LogTargetPlatformManager:Display: Building Assets For Windows
[2014.12.08-00.14.32:936][  0]LogConsoleResponse:Display: 
[2014.12.08-00.14.35:598][  0]SourceControl: Info Source control is disabled
[2014.12.08-00.14.35:598][  0]Cmd: MAP LOAD FILE="../../../../../../Users/jsacdalan/Documents/Claudia/Claudia/Content/Maps/greybox.umap" TEMPLATE=0 SHOWPROGRESS=1
[2014.12.08-00.14.35:630][  0]LightingResults: New page: Lighting Build
[2014.12.08-00.14.35:711][  0]MapCheck: New page: Map Check
[2014.12.08-00.14.35:711][  0]LightingResults: New page: Lighting Build
[2014.12.08-00.14.36:004][  0]LogParticles: Destroying 0 GPU particle simulations for FXSystem 0x0000000014619120
[2014.12.08-00.14.36:175][  0]LogLinker:Warning: Asset '../../../../../../Users/jsacdalan/Documents/Claudia/Claudia/Content/Blueprints/Officer_Blueprint.uasset' has been saved with empty engine version. The asset will be loaded but may be incompatible.
[2014.12.08-00.14.36:538][  0]LogLinker:Warning: Asset '../../../../../../Users/jsacdalan/Documents/Claudia/Claudia/Content/HUD/HUDState.uasset' has been saved with empty engine version. The asset will be loaded but may be incompatible.
[2014.12.08-00.14.37:772][  0]LogLinker:Warning: Asset '../../../../../../Users/jsacdalan/Documents/Claudia/Claudia/Content/Sounds/ClaudiaSounds/claudia-scream.uasset' has been saved with empty engine version. The asset will be loaded but may be incompatible.
[2014.12.08-00.14.38:715][  0]LogLinker:Warning: Asset '../../../../../../Users/jsacdalan/Documents/Claudia/Claudia/Content/Blueprints/Thug_Blueprint.uasset' has been saved with empty engine version. The asset will be loaded but may be incompatible.
[2014.12.08-00.14.38:762][  0]LogLinker:Warning: Asset '../../../../../../Users/jsacdalan/Documents/Claudia/Claudia/Content/Flipbooks/Thug_Character/Thug_Idle_Flipbook.uasset' has been saved with empty engine version. The asset will be loaded but may be incompatible.
[2014.12.08-00.14.38:796][  0]LogLinker:Warning: Asset '../../../../../../Users/jsacdalan/Documents/Claudia/Claudia/Content/Sprites/Thug_Character/Idle/Thug_Idle_Sprite.uasset' has been saved with empty engine version. The asset will be loaded but may be incompatible.
[2014.12.08-00.14.38:990][  0]LogLinker:Warning: Asset '../../../../../../Users/jsacdalan/Documents/Claudia/Claudia/Content/Blueprints/LevelTrigger.uasset' has been saved with empty engine version. The asset will be loaded but may be incompatible.
[2014.12.08-00.14.39:174][  0]LogLinker:Warning: Asset '../../../../../../Users/jsacdalan/Documents/Claudia/Claudia/Content/HUD/HUD_Bars.uasset' has been saved with empty engine version. The asset will be loaded but may be incompatible.
[2014.12.08-00.14.39:234][  0]LogLinker:Warning: Asset '../../../../../../Users/jsacdalan/Documents/Claudia/Claudia/Content/HUD/Health/Health4.uasset' has been saved with empty engine version. The asset will be loaded but may be incompatible.
[2014.12.08-00.14.39:274][  0]LogLinker:Warning: Asset '../../../../../../Users/jsacdalan/Documents/Claudia/Claudia/Content/HUD/Momentum/Momentum1.uasset' has been saved with empty engine version. The asset will be loaded but may be incompatible.
[2014.12.08-00.14.43:099][  0]LogDerivedDataCache: FFileSystemDerivedDataBackend: Move collision, attempt at redundant update, OK C:/Users/jsacdalan/AppData/Local/UnrealEngine/Common/DerivedDataCache/7/0/7/67843EA34591320D0E6C6E8B2070B670.udd.
[2014.12.08-00.14.52:775][  0]LogTexture:Display: Building textures: Claudia_Jump (AutoDXT)
[2014.12.08-00.14.53:888][  0]LogAudioDerivedData:Display: Building compressed audio format OGG wave claudia-scream...
[2014.12.08-00.14.57:498][  0]LogMaterial: Missing cached shader map for material Claudia2D_Atlas_Mat, compiling.
[2014.12.08-00.14.57:575][  0]LogMaterial:Warning: Failed to compile Material /Game/Textures/Environment_Textures/Claudia2D_Atlas_Mat.Claudia2D_Atlas_Mat for platform PCD3D_SM5, Default Material will be used in game.
[2014.12.08-00.14.57:575][  0]LogMaterial:Warning: 	(Node TextureSample) TextureSample> Missing input texture
[2014.12.08-00.14.57:580][  0]LogTexture:Display: Building textures: Health4 (AutoDXT)
[2014.12.08-00.14.57:642][  0]LogTexture:Display: Building textures: Momentum1 (AutoDXT)
[2014.12.08-00.14.57:742][  0]LogMaterial: Missing cached shader map for material Material_0, compiling.
[2014.12.08-00.14.58:572][  0]LogStaticMesh: Building static mesh crate01...
[2014.12.08-00.14.58:586][  0]LogLayoutUV:Display: FindCharts: 0 ms
[2014.12.08-00.14.58:587][  0]LogLayoutUV:Display: PackCharts: 0 ms
[2014.12.08-00.14.58:587][  0]LogLayoutUV:Display:   Rasterize: 912
[2014.12.08-00.14.58:587][  0]LogLayoutUV:Display:   Find: 892
[2014.12.08-00.14.58:589][  0]LogLayoutUV:Display: PackCharts: 1 ms
[2014.12.08-00.14.58:589][  0]LogLayoutUV:Display:   Rasterize: 1107
[2014.12.08-00.14.58:589][  0]LogLayoutUV:Display:   Find: 2198
[2014.12.08-00.14.58:591][  0]LogLayoutUV:Display: PackCharts: 1 ms
[2014.12.08-00.14.58:591][  0]LogLayoutUV:Display:   Rasterize: 1117
[2014.12.08-00.14.58:591][  0]LogLayoutUV:Display:   Find: 2395
[2014.12.08-00.14.58:594][  0]LogLayoutUV:Display: PackCharts: 1 ms
[2014.12.08-00.14.58:594][  0]LogLayoutUV:Display:   Rasterize: 1130
[2014.12.08-00.14.58:594][  0]LogLayoutUV:Display:   Find: 2350
[2014.12.08-00.14.58:596][  0]LogLayoutUV:Display: PackCharts: 1 ms
[2014.12.08-00.14.58:596][  0]LogLayoutUV:Display:   Rasterize: 1139
[2014.12.08-00.14.58:596][  0]LogLayoutUV:Display:   Find: 2345
[2014.12.08-00.14.58:653][  0]LogStaticMesh: Built static mesh [80.366264ms] /Game/Models/Crate/crate01.crate01
[2014.12.08-00.14.58:798][  0]LogDerivedDataCache: FFileSystemDerivedDataBackend: Move collision, attempt at redundant update, OK C:/Users/jsacdalan/AppData/Local/UnrealEngine/Common/DerivedDataCache/5/7/2/STATICMESH_46A8778361B442A9523C54440EA1E9D_0DB5412B27AB480F844CC7F0BE5ABAFF_48__29F0ED28C4715C5D57372A59C902CD9BB293BFF0.udd.
[2014.12.08-00.14.58:798][  0]LogTexture:Display: Building textures: PipeT (BGRA8)
[2014.12.08-00.14.58:899][  0]LogDerivedDataCache: FFileSystemDerivedDataBackend: Move collision, attempt at redundant update, OK C:/Users/jsacdalan/AppData/Local/UnrealEngine/Common/DerivedDataCache/0/8/6/PHYSX_$7B1F0627AE$2DABEB$2D4206$2D8D78$2DE16BEB5DDC7E$7D_PHYSXPC_D2A1A5CD44A68__1F36873A0CF0FDC2FA764A6E53A2E8B74BEFE0B3.udd.
[2014.12.08-00.14.58:899][  0]LogTexture:Display: Building textures: ScaffoldingRight (AutoDXT)
[2014.12.08-00.14.59:484][  0]LogTexture:Display: Building textures: StoneRightBottom (BGRA8)
[2014.12.08-00.15.00:220][  0]LogTexture:Display: Building textures: HQ_Lightmap0_1 (AutoDXT)
[2014.12.08-00.15.00:298][  0]LogTexture:Display: Building textures: LQ_Lightmap_0_1 (DXT1)
[2014.12.08-00.15.01:080][  0]LogDerivedDataCache: FFileSystemDerivedDataBackend: Move collision, attempt at redundant update, OK C:/Users/jsacdalan/AppData/Local/UnrealEngine/Common/DerivedDataCache/1/8/4/TEXTURE_75F87CE100B546AAB8A1C4132AF9DB17_DXT1_F718AFBD4BFE1F76DE737D957C80A157__1F231FADF88219E4227B8C723F33C4F1E78753DF.udd.
[2014.12.08-00.15.05:254][  0]LogEditorServer: Finished looking for orphan Actors (0.000 secs)
[2014.12.08-00.15.05:543][  0]LogAIModule: Creating AISystem for world greybox
[2014.12.08-00.15.06:008][  0]Cmd: MAP CHECKDEP
[2014.12.08-00.15.06:126][  0]MapCheck: New page: greybox - 8 Dec 2014 10:15:06 pm
[2014.12.08-00.15.06:725][  0]MapCheck: Info Map check complete: 0 Error(s), 0 Warning(s), took 648.348ms to complete.
[2014.12.08-00.15.06:725][  0]LogFileHelpers: Loading map 'greybox' took 31.126
[2014.12.08-00.15.16:447][  0]LogCollectionManager: Loaded 0 collections in 0.000973 seconds
[2014.12.08-00.15.26:243][  0]LogCrashTracker: Crashtracker disabled due to settings.
[2014.12.08-00.15.28:920][  0]LogLoad: Full Startup: 72.72 seconds (BP compile: 0.31 seconds)
[2014.12.08-00.15.29:638][  0]LogContentBrowser:Verbose: The content browser source was changed by the sources view to '/Game/Models/Lamp'
[2014.12.08-00.15.32:628][  0]LogRenderer:Warning: Reallocating scene render targets to support 1472x1264.
[2014.12.08-00.15.52:406][  5]LogAssetRegistry: Asset discovery search completed in 82.9556 seconds
[2014.12.08-00.15.55:053][  8]LogD3D11RHI: Timed out while waiting for GPU to catch up. (0.5 s)
[2014.12.08-00.17.34:201][157]LogD3D11RHI: Timed out while waiting for GPU to catch up. (0.5 s)
[2014.12.08-00.17.35:115][159]LogD3D11RHI: Timed out while waiting for GPU to catch up. (0.5 s)
[2014.12.08-00.17.36:305][163]LogD3D11RHI: Timed out while waiting for GPU to catch up. (0.5 s)
[2014.12.08-00.17.36:806][164]LogD3D11RHI: Timed out while waiting for GPU to catch up. (0.5 s)
[2014.12.08-00.17.37:307][165]LogD3D11RHI: Timed out while waiting for GPU to catch up. (0.5 s)
[2014.12.08-00.17.37:808][166]LogD3D11RHI: Timed out while waiting for GPU to catch up. (500 ms)
[2014.12.08-00.17.40:315][172]LogD3D11RHI: Timed out while waiting for GPU to catch up. (0.5 s)
[2014.12.08-00.17.40:815][173]LogD3D11RHI: Timed out while waiting for GPU to catch up. (0.5 s)
[2014.12.08-00.17.42:442][178]LogD3D11RHI: Timed out while waiting for GPU to catch up. (0.5 s)
[2014.12.08-00.17.42:943][179]LogD3D11RHI: Timed out while waiting for GPU to catch up. (0.5 s)
[2014.12.08-00.17.52:790][209]LogD3D11RHI: Timed out while waiting for GPU to catch up. (0.5 s)
[2014.12.08-00.17.53:291][210]LogD3D11RHI: Timed out while waiting for GPU to catch up. (0.5 s)
[2014.12.08-00.17.53:792][211]LogD3D11RHI: Timed out while waiting for GPU to catch up. (0.5 s)
[2014.12.08-00.18.26:980][311]LogD3D11RHI: Timed out while waiting for GPU to catch up. (0.5 s)
[2014.12.08-00.18.27:899][313]LogD3D11RHI: Timed out while waiting for GPU to catch up. (0.5 s)
[2014.12.08-00.18.28:400][314]LogD3D11RHI: Timed out while waiting for GPU to catch up. (0.5 s)
[2014.12.08-00.18.28:901][315]LogD3D11RHI: Timed out while waiting for GPU to catch up. (0.5 s)
[2014.12.08-00.18.29:748][318]LogD3D11RHI: Timed out while waiting for GPU to catch up. (0.5 s)
[2014.12.08-00.18.30:248][319]LogD3D11RHI: Timed out while waiting for GPU to catch up. (0.5 s)
[2014.12.08-00.18.30:749][320]LogD3D11RHI: Timed out while waiting for GPU to catch up. (0.5 s)
[2014.12.08-00.18.31:250][321]LogD3D11RHI: Timed out while waiting for GPU to catch up. (500 ms)
[2014.12.08-00.18.32:457][321]LogD3D11RHI: Timed out while waiting for GPU to catch up. (0.5 s)
[2014.12.08-00.18.32:958][322]LogD3D11RHI: Timed out while waiting for GPU to catch up. (0.5 s)
[2014.12.08-00.18.33:504][324]LogD3D11RHI: Timed out while waiting for GPU to catch up. (0.5 s)
[2014.12.08-00.18.34:006][325]LogD3D11RHI: Timed out while waiting for GPU to catch up. (0.5 s)
[2014.12.08-00.18.34:507][326]LogD3D11RHI: Timed out while waiting for GPU to catch up. (0.5 s)
[2014.12.08-00.18.35:008][327]LogD3D11RHI: Timed out while waiting for GPU to catch up. (500 ms)
[2014.12.08-00.20.18:701][616]LogD3D11RHI: Timed out while waiting for GPU to catch up. (0.5 s)
[2014.12.08-00.20.19:201][617]LogD3D11RHI: Timed out while waiting for GPU to catch up. (0.5 s)
[2014.12.08-00.20.19:702][618]LogD3D11RHI: Timed out while waiting for GPU to catch up. (0.5 s)
[2014.12.08-00.22.02:724][927]LogD3D11RHI: Timed out while waiting for GPU to catch up. (0.5 s)
[2014.12.08-00.22.36:403][ 28]LogD3D11RHI: Timed out while waiting for GPU to catch up. (0.5 s)
[2014.12.08-00.23.02:730][107]LogD3D11RHI: Timed out while waiting for GPU to catch up. (0.5 s)
[2014.12.08-00.23.03:487][108]LogD3D11RHI: Timed out while waiting for GPU to catch up. (0.5 s)
[2014.12.08-00.28.43:684][129]LogD3D11RHI: Timed out while waiting for GPU to catch up. (0.5 s)
[2014.12.08-00.28.44:185][130]LogD3D11RHI: Timed out while waiting for GPU to catch up. (0.5 s)
[2014.12.08-00.28.45:184][132]LogD3D11RHI: Timed out while waiting for GPU to catch up. (0.5 s)
[2014.12.08-00.28.45:686][133]LogD3D11RHI: Timed out while waiting for GPU to catch up. (0.5 s)
[2014.12.08-00.28.46:658][136]LogD3D11RHI: Timed out while waiting for GPU to catch up. (0.5 s)
[2014.12.08-00.28.47:584][137]LogD3D11RHI: Timed out while waiting for GPU to catch up. (0.5 s)
[2014.12.08-00.28.48:585][138]LogD3D11RHI: Timed out while waiting for GPU to catch up. (0.5 s)
[2014.12.08-00.28.48:585][138]LogD3D11RHI: Timed out while waiting for GPU to catch up. (500 ms)
[2014.12.08-00.28.53:801][147]LogD3D11RHI: Timed out while waiting for GPU to catch up. (0.5 s)
[2014.12.08-00.28.54:451][148]LogD3D11RHI: Timed out while waiting for GPU to catch up. (0.5 s)
[2014.12.08-00.28.54:961][149]LogD3D11RHI: Timed out while waiting for GPU to catch up. (0.5 s)
[2014.12.08-00.28.55:730][150]LogD3D11RHI: Timed out while waiting for GPU to catch up. (500 ms)
[2014.12.08-00.28.58:625][156]LogD3D11RHI: Timed out while waiting for GPU to catch up. (0.5 s)
[2014.12.08-00.28.59:125][157]LogD3D11RHI: Timed out while waiting for GPU to catch up. (0.5 s)
[2014.12.08-00.28.59:626][158]LogD3D11RHI: Timed out while waiting for GPU to catch up. (0.5 s)
[2014.12.08-00.29.00:126][159]LogD3D11RHI: Timed out while waiting for GPU to catch up. (500 ms)
[2014.12.08-00.35.19:728][291]LogD3D11RHI: Timed out while waiting for GPU to catch up. (0.5 s)
[2014.12.08-00.37.04:730][606]LogD3D11RHI: Timed out while waiting for GPU to catch up. (0.5 s)
[2014.12.08-00.37.05:231][607]LogD3D11RHI: Timed out while waiting for GPU to catch up. (0.5 s)
[2014.12.08-00.37.05:732][608]LogD3D11RHI: Timed out while waiting for GPU to catch up. (0.5 s)
[2014.12.08-00.37.06:233][609]LogD3D11RHI: Timed out while waiting for GPU to catch up. (500 ms)
[2014.12.08-00.37.23:085][624]LogD3D11RHI: Timed out while waiting for GPU to catch up. (0.5 s)
[2014.12.08-00.37.23:585][625]LogD3D11RHI: Timed out while waiting for GPU to catch up. (0.5 s)
[2014.12.08-00.37.24:086][626]LogD3D11RHI: Timed out while waiting for GPU to catch up. (0.5 s)
[2014.12.08-00.37.24:587][627]LogD3D11RHI: Timed out while waiting for GPU to catch up. (500 ms)
[2014.12.08-00.41.08:961][292]LogD3D11RHI: Timed out while waiting for GPU to catch up. (0.5 s)
[2014.12.08-00.53.22:710][489]LogActorComponent: UnregisterComponent: (/Engine/Transient.CharacterMovementComponent_0) Not registered. Aborting.
[2014.12.08-00.53.22:818][489]LogActorComponent: UnregisterComponent: (/Engine/Transient.CharacterMovementComponent_1) Not registered. Aborting.
[2014.12.08-00.53.22:919][489]LogActorComponent: UnregisterComponent: (/Engine/Transient.CharacterMovementComponent_2) Not registered. Aborting.
[2014.12.08-00.55.03:543][490]Cmd: QUIT_EDITOR
[2014.12.08-00.55.09:576][490]LogExit: Preparing to exit.
[2014.12.08-00.55.42:181][490]LogExit: Editor shut down
[2014.12.08-00.55.43:345][490]LogExit: Transaction tracking system shut down
[2014.12.08-00.56.02:738][490]LogParticles: Destroying 0 GPU particle simulations for FXSystem 0x000000001B424FE0
[2014.12.08-00.56.16:308][490]LogParticles: Destroying 0 GPU particle simulations for FXSystem 0x000000001981CAE0
[2014.12.08-00.56.16:308][490]LogExit: Object subsystem successfully closed.
[2014.12.08-00.56.27:331][490]LogModuleManager: Shutting down and abandoning module AndroidDeviceDetection (167)
[2014.12.08-00.56.27:432][490]LogModuleManager: Shutting down and abandoning module CrashTracker (166)
[2014.12.08-00.56.27:451][490]LogModuleManager: Shutting down and abandoning module SuperSearch (165)
[2014.12.08-00.56.27:451][490]LogModuleManager: Shutting down and abandoning module SceneOutliner (164)
[2014.12.08-00.56.27:451][490]LogModuleManager: Shutting down and abandoning module EditorWidgets (163)
[2014.12.08-00.56.27:451][490]LogModuleManager: Shutting down and abandoning module CollectionManager (162)
[2014.12.08-00.56.27:505][490]LogModuleManager: Shutting down and abandoning module StatsViewer (161)
[2014.12.08-00.56.27:511][490]LogModuleManager: Shutting down and abandoning module FoliageEdit (160)
[2014.12.08-00.56.27:511][490]LogModuleManager: Shutting down and abandoning module LandscapeEditor (159)
[2014.12.08-00.56.28:065][490]LogModuleManager: Shutting down and abandoning module MeshPaint (158)
[2014.12.08-00.56.28:065][490]LogModuleManager: Shutting down and abandoning module ActorPickerMode (157)
[2014.12.08-00.56.28:065][490]LogModuleManager: Shutting down and abandoning module GeometryMode (156)
[2014.12.08-00.56.28:100][490]LogModuleManager: Shutting down and abandoning module TextureAlignMode (155)
[2014.12.08-00.56.28:100][490]LogModuleManager: Shutting down and abandoning module BspMode (154)
[2014.12.08-00.56.28:100][490]LogModuleManager: Shutting down and abandoning module PlacementMode (153)
[2014.12.08-00.56.28:100][490]LogModuleManager: Shutting down and abandoning module AutomationWorker (152)
[2014.12.08-00.56.28:100][490]LogModuleManager: Shutting down and abandoning module CharacterAI (151)
[2014.12.08-00.56.28:174][490]LogModuleManager: Shutting down and abandoning module GameProjectGeneration (150)
[2014.12.08-00.56.28:254][490]LogModuleManager: Shutting down and abandoning module IntroTutorials (149)
[2014.12.08-00.56.28:370][490]LogModuleManager: Shutting down and abandoning module EditorLiveStreaming (148)
[2014.12.08-00.56.28:370][490]LogModuleManager: Shutting down and abandoning module HardwareTargeting (147)
[2014.12.08-00.56.28:370][490]LogModuleManager: Shutting down and abandoning module BehaviorTreeEditor (146)
[2014.12.08-00.56.28:370][490]LogModuleManager: Shutting down and abandoning module DeviceProfileEditor (145)
[2014.12.08-00.56.28:401][490]LogModuleManager: Shutting down and abandoning module UndoHistory (144)
[2014.12.08-00.56.28:457][490]LogModuleManager: Shutting down and abandoning module GameplayTagsEditor (143)
[2014.12.08-00.56.28:457][490]LogModuleManager: Shutting down and abandoning module UserFeedback (142)
[2014.12.08-00.56.28:457][490]LogModuleManager: Shutting down and abandoning module XmlParser (141)
[2014.12.08-00.56.28:491][490]LogModuleManager: Shutting down and abandoning module Blutility (140)
[2014.12.08-00.56.28:491][490]LogModuleManager: Shutting down and abandoning module IOSPlatformEditor (139)
[2014.12.08-00.56.28:503][490]LogModuleManager: Shutting down and abandoning module IOSRuntimeSettings (138)
[2014.12.08-00.56.28:503][490]LogModuleManager: Shutting down and abandoning module AndroidPlatformEditor (137)
[2014.12.08-00.56.28:558][490]LogModuleManager: Shutting down and abandoning module AndroidRuntimeSettings (136)
[2014.12.08-00.56.28:558][490]LogModuleManager: Shutting down and abandoning module ProjectTargetPlatformEditor (135)
[2014.12.08-00.56.28:587][490]LogModuleManager: Shutting down and abandoning module ProjectSettingsViewer (134)
[2014.12.08-00.56.28:597][490]LogModuleManager: Shutting down and abandoning module InputBindingEditor (133)
[2014.12.08-00.56.28:757][490]LogModuleManager: Shutting down and abandoning module EditorSettingsViewer (132)
[2014.12.08-00.56.28:843][490]LogModuleManager: Shutting down and abandoning module SettingsEditor (131)
[2014.12.08-00.56.28:863][490]LogModuleManager: Shutting down and abandoning module ProjectLauncher (130)
[2014.12.08-00.56.28:869][490]LogModuleManager: Shutting down and abandoning module SessionFrontend (129)
[2014.12.08-00.56.28:880][490]LogModuleManager: Shutting down and abandoning module ProfilerClient (128)
[2014.12.08-00.56.28:885][490]LogModuleManager: Shutting down and abandoning module TargetDeviceServices (127)
[2014.12.08-00.56.28:885][490]LogModuleManager: Shutting down and abandoning module DeviceManager (126)
[2014.12.08-00.56.29:061][490]LogModuleManager: Shutting down and abandoning module AutomationController (125)
[2014.12.08-00.56.29:079][490]LogModuleManager: Shutting down and abandoning module AutomationWindow (124)
[2014.12.08-00.56.29:121][490]LogModuleManager: Shutting down and abandoning module Layers (123)
[2014.12.08-00.56.29:192][490]LogModuleManager: Shutting down and abandoning module ComponentVisualizers (122)
[2014.12.08-00.56.29:192][490]LogModuleManager: Shutting down and abandoning module DetailCustomizations (121)
[2014.12.08-00.56.29:247][490]LogModuleManager: Shutting down and abandoning module PackagesDialog (120)
[2014.12.08-00.56.29:268][490]LogModuleManager: Shutting down and abandoning module AssetRegistry (119)
[2014.12.08-00.56.38:771][490]LogModuleManager: Shutting down and abandoning module Persona (118)
[2014.12.08-00.56.38:825][490]LogModuleManager: Shutting down and abandoning module Kismet (117)
[2014.12.08-00.56.38:850][490]LogModuleManager: Shutting down and abandoning module GraphEditor (116)
[2014.12.08-00.56.38:939][490]LogModuleManager: Shutting down and abandoning module ClassViewer (115)
[2014.12.08-00.56.38:950][490]LogModuleManager: Shutting down and abandoning module Toolbox (114)
[2014.12.08-00.56.38:971][490]LogModuleManager: Shutting down and abandoning module ModuleUI (113)
[2014.12.08-00.56.38:985][490]LogModuleManager: Shutting down and abandoning module MovieSceneTools (112)
[2014.12.08-00.56.39:012][490]LogModuleManager: Shutting down and abandoning module OutputLog (111)
[2014.12.08-00.56.39:012][490]LogModuleManager: Shutting down and abandoning module GammaUI (110)
[2014.12.08-00.56.39:044][490]LogModuleManager: Shutting down and abandoning module Documentation (109)
[2014.12.08-00.56.39:117][490]LogModuleManager: Shutting down and abandoning module GameLiveStreaming (108)
[2014.12.08-00.56.39:118][490]LogModuleManager: Shutting down and abandoning module StreamingPauseRendering (107)
[2014.12.08-00.56.39:149][490]LogModuleManager: Shutting down and abandoning module HTTP (106)
[2014.12.08-00.56.39:149][490]LogModuleManager: Shutting down and abandoning module AnalyticsET (105)
[2014.12.08-00.56.39:149][490]LogModuleManager: Shutting down and abandoning module Analytics (104)
[2014.12.08-00.56.39:149][490]LogModuleManager: Shutting down and abandoning module GameplayDebugger (103)
[2014.12.08-00.56.39:149][490]LogModuleManager: Shutting down and abandoning module AIModule (102)
[2014.12.08-00.56.39:149][490]LogModuleManager: Shutting down and abandoning module ProfilerService (101)
[2014.12.08-00.56.39:535][490]LogModuleManager: Shutting down and abandoning module TaskGraph (100)
[2014.12.08-00.56.39:550][490]LogModuleManager: Shutting down and abandoning module SlateRemote (99)
[2014.12.08-00.56.39:550][490]LogModuleManager: Shutting down and abandoning module ScriptEditorPlugin (98)
[2014.12.08-00.56.39:550][490]LogModuleManager: Shutting down and abandoning module CustomMeshComponent (97)
[2014.12.08-00.56.39:550][490]LogModuleManager: Shutting down and abandoning module CableComponent (96)
[2014.12.08-00.56.39:550][490]LogModuleManager: Shutting down and abandoning module MessagingDebugger (95)
[2014.12.08-00.56.39:771][490]LogModuleManager: Shutting down and abandoning module MediaPlayerEditor (94)
[2014.12.08-00.56.39:772][490]LogModuleManager: Shutting down and abandoning module SpeedTreeImporter (93)
[2014.12.08-00.56.39:772][490]LogModuleManager: Shutting down and abandoning module PluginsEditor (92)
[2014.12.08-00.56.39:901][490]LogModuleManager: Shutting down and abandoning module EpicSurvey (91)
[2014.12.08-00.56.39:912][490]LogModuleManager: Shutting down and abandoning module DesktopPlatform (90)
[2014.12.08-00.56.39:912][490]LogModuleManager: Shutting down and abandoning module VisualStudioSourceCodeAccess (89)
[2014.12.08-00.56.39:984][490]LogModuleManager: Shutting down and abandoning module UObjectPlugin (88)
[2014.12.08-00.56.39:984][490]LogModuleManager: Shutting down and abandoning module SubversionSourceControl (87)
[2014.12.08-00.56.39:999][490]LogModuleManager: Shutting down and abandoning module SourceControl (86)
[2014.12.08-00.56.39:999][490]LogModuleManager: Shutting down and abandoning module PerforceSourceControl (85)
[2014.12.08-00.56.40:000][490]LogModuleManager: Shutting down and abandoning module BlankPlugin (84)
[2014.12.08-00.56.40:000][490]LogModuleManager: Shutting down and abandoning module SlateReflector (83)
[2014.12.08-00.56.40:020][490]LogModuleManager: Shutting down and abandoning module DirectoryWatcher (82)
[2014.12.08-00.56.42:207][490]LogModuleManager: Shutting down and abandoning module HotReload (81)
[2014.12.08-00.56.42:207][490]LogModuleManager: Shutting down and abandoning module MainFrame (80)
[2014.12.08-00.56.42:207][490]LogModuleManager: Shutting down and abandoning module LevelEditor (79)
[2014.12.08-00.56.44:230][490]LogModuleManager: Shutting down and abandoning module ViewportSnapping (78)
[2014.12.08-00.56.44:294][490]LogModuleManager: Shutting down and abandoning module SmartSnapping (77)
[2014.12.08-00.56.44:294][490]LogModuleManager: Shutting down and abandoning module PaperTiledImporter (76)
[2014.12.08-00.56.44:294][490]LogModuleManager: Shutting down and abandoning module PaperJsonImporter (75)
[2014.12.08-00.56.44:294][490]LogModuleManager: Shutting down and abandoning module ContentBrowser (74)
[2014.12.08-00.56.44:294][490]LogModuleManager: Shutting down and abandoning module PropertyEditor (73)
[2014.12.08-00.56.44:550][490]LogModuleManager: Shutting down and abandoning module Paper2DEditor (72)
[2014.12.08-00.56.44:836][490]LogModuleManager: Shutting down and abandoning module Claudia (71)
[2014.12.08-00.56.44:836][490]LogModuleManager: Shutting down and abandoning module ScriptPlugin (70)
[2014.12.08-00.56.44:884][490]LogModuleManager: Shutting down and abandoning module UdpMessaging (69)
[2014.12.08-00.56.44:984][490]LogModuleManager: Shutting down and abandoning module Paper2D (68)
[2014.12.08-00.56.44:984][490]LogModuleManager: Shutting down and abandoning module WindowsMoviePlayer (67)
[2014.12.08-00.56.47:263][490]LogModuleManager: Shutting down and abandoning module Media (66)
[2014.12.08-00.56.47:263][490]LogModuleManager: Shutting down and abandoning module WmfMedia (65)
[2014.12.08-00.56.47:375][490]LogModuleManager: Shutting down and abandoning module OnlineBlueprintSupport (64)
[2014.12.08-00.56.47:375][490]LogModuleManager: Shutting down and abandoning module FunctionalTesting (63)
[2014.12.08-00.56.47:375][490]LogModuleManager: Shutting down and abandoning module CollisionAnalyzer (62)
[2014.12.08-00.56.47:520][490]LogModuleManager: Shutting down and abandoning module WorkspaceMenuStructure (61)
[2014.12.08-00.56.47:520][490]LogModuleManager: Shutting down and abandoning module MessageLog (60)
[2014.12.08-00.56.47:520][490]LogModuleManager: Shutting down and abandoning module Sequencer (59)
[2014.12.08-00.56.47:590][490]LogModuleManager: Shutting down and abandoning module AssetTools (58)
[2014.12.08-00.56.47:590][490]LogModuleManager: Shutting down and abandoning module UMGEditor (57)
[2014.12.08-00.56.47:590][490]LogModuleManager: Shutting down and abandoning module UMG (56)
[2014.12.08-00.56.47:645][490]LogModuleManager: Shutting down and abandoning module Slate (55)
[2014.12.08-00.56.47:645][490]LogModuleManager: Shutting down and abandoning module EditorStyle (54)
[2014.12.08-00.56.48:103][490]LogModuleManager: Shutting down and abandoning module SessionServices (53)
[2014.12.08-00.56.48:103][490]LogModuleManager: Shutting down and abandoning module SourceCodeAccess (52)
[2014.12.08-00.56.48:213][490]LogModuleManager: Shutting down and abandoning module HeadMountedDisplay (51)
[2014.12.08-00.56.48:240][490]LogModuleManager: Shutting down and abandoning module XAudio2 (50)
[2014.12.08-00.56.48:240][490]LogModuleManager: Shutting down and abandoning module Networking (48)
[2014.12.08-00.56.48:240][490]LogModuleManager: Shutting down and abandoning module Core (47)
[2014.12.08-00.56.48:240][490]LogModuleManager: Shutting down and abandoning module KismetCompiler (46)
[2014.12.08-00.56.48:501][490]LogModuleManager: Shutting down and abandoning module PhysXFormats (45)
[2014.12.08-00.56.48:563][490]LogModuleManager: Shutting down and abandoning module MeshUtilities (44)
[2014.12.08-00.56.48:564][490]LogModuleManager: Shutting down and abandoning module DerivedDataCache (43)
[2014.12.08-00.56.48:647][490]LogDerivedDataCache: Shutdown
[2014.12.08-00.56.48:648][490]LogModuleManager: Shutting down and abandoning module ShaderFormatOpenGL (42)
[2014.12.08-00.56.48:690][490]LogModuleManager: Shutting down and abandoning module ShaderFormatD3D (41)
[2014.12.08-00.56.48:792][490]LogModuleManager: Shutting down and abandoning module MetalShaderFormat (40)
[2014.12.08-00.56.48:888][490]LogModuleManager: Shutting down and abandoning module TextureFormatUncompressed (39)
[2014.12.08-00.56.48:942][490]LogModuleManager: Shutting down and abandoning module TextureFormatPVR (38)
[2014.12.08-00.56.49:013][490]LogModuleManager: Shutting down and abandoning module TextureFormatDXT (37)
[2014.12.08-00.56.49:213][490]LogModuleManager: Shutting down and abandoning module TextureFormatAndroid (36)
[2014.12.08-00.56.49:264][490]LogModuleManager: Shutting down and abandoning module AudioFormatOpus (35)
[2014.12.08-00.56.49:315][490]LogModuleManager: Shutting down and abandoning module AudioFormatOgg (34)
[2014.12.08-00.56.49:408][490]LogModuleManager: Shutting down and abandoning module AudioFormatADPCM (33)
[2014.12.08-00.56.49:444][490]LogModuleManager: Shutting down and abandoning module Messaging (32)
[2014.12.08-00.56.49:444][490]LogModuleManager: Shutting down and abandoning module IOSTargetPlatform (31)
[2014.12.08-00.56.49:496][490]LogModuleManager: Shutting down and abandoning module Android_PVRTCTargetPlatform (30)
[2014.12.08-00.56.49:506][490]LogModuleManager: Shutting down and abandoning module Android_ETC2TargetPlatform (29)
[2014.12.08-00.56.49:542][490]LogModuleManager: Shutting down and abandoning module Android_ETC1TargetPlatform (28)
[2014.12.08-00.56.49:546][490]LogModuleManager: Shutting down and abandoning module Android_DXTTargetPlatform (27)
[2014.12.08-00.56.49:588][490]LogModuleManager: Shutting down and abandoning module Android_ATCTargetPlatform (26)
[2014.12.08-00.56.49:615][490]LogModuleManager: Shutting down and abandoning module AndroidTargetPlatform (25)
[2014.12.08-00.56.49:649][490]LogModuleManager: Shutting down and abandoning module WindowsTargetPlatform (24)
[2014.12.08-00.56.49:683][490]LogModuleManager: Shutting down and abandoning module WindowsServerTargetPlatform (23)
[2014.12.08-00.56.49:719][490]LogModuleManager: Shutting down and abandoning module WindowsNoEditorTargetPlatform (22)
[2014.12.08-00.56.49:723][490]LogModuleManager: Shutting down and abandoning module WindowsClientTargetPlatform (21)
[2014.12.08-00.56.49:773][490]LogModuleManager: Shutting down and abandoning module TargetPlatform (20)
[2014.12.08-00.56.49:828][490]LogModuleManager: Shutting down and abandoning module InputCore (19)
[2014.12.08-00.56.49:828][490]LogModuleManager: Shutting down and abandoning module Settings (18)
[2014.12.08-00.56.49:889][490]LogModuleManager: Shutting down and abandoning module ImageWrapper (17)
[2014.12.08-00.56.49:889][490]LogModuleManager: Shutting down and abandoning module OculusRift (14)
[2014.12.08-00.56.49:889][490]LogModuleManager: Shutting down and abandoning module ExampleDeviceProfileSelector (13)
[2014.12.08-00.56.49:931][490]LogModuleManager: Shutting down and abandoning module TextureCompressor (12)
[2014.12.08-00.56.49:954][490]LogModuleManager: Shutting down and abandoning module ShaderCore (11)
[2014.12.08-00.56.49:954][490]LogModuleManager: Shutting down and abandoning module SlateRHIRenderer (10)
[2014.12.08-00.56.50:791][490]LogModuleManager: Shutting down and abandoning module OpenGLDrv (9)
[2014.12.08-00.56.50:791][490]LogModuleManager: Shutting down and abandoning module D3D11RHI (8)
[2014.12.08-00.56.50:791][490]LogModuleManager: Shutting down and abandoning module Renderer (7)
[2014.12.08-00.56.50:791][490]LogModuleManager: Shutting down and abandoning module Engine (6)
[2014.12.08-00.56.50:791][490]LogModuleManager: Shutting down and abandoning module CoreUObject (5)
[2014.12.08-00.56.50:791][490]LogModuleManager: Shutting down and abandoning module NetworkFile (4)
[2014.12.08-00.56.50:843][490]LogModuleManager: Shutting down and abandoning module StreamingFile (3)
[2014.12.08-00.56.50:906][490]LogModuleManager: Shutting down and abandoning module SandboxFile (2)
[2014.12.08-00.56.50:957][490]LogModuleManager: Shutting down and abandoning module PakFile (1)
[2014.12.08-00.56.51:353][490]LogExit: Exiting.
[2014.12.08-00.56.53:739][490]Log file closed, 12/08/14 11:56:53
