Log file open, 11/03/14 10:07:11
LogInit:Display: Running engine for game: Claudia
Running C:/Program Files/Unreal Engine/4.4/Engine/Binaries/DotNET/UnrealBuildTool.exe Claudia Development Win64 -project="C:/GIT/404/Claudia/Claudia.uproject" -rocket -editorrecompile -progress
Parsing headers for ClaudiaEditor
Reflection code generation finished for ClaudiaEditor and took 4.248
Performing 8 actions (max 2 parallel jobs)
[2/8] rc.exe ModuleVersionResource.rc.inl
PCH.Claudia.Claudia.h.cpp
[3/8] rc.exe Claudia.rc
ClaudiaGameMode.cpp
ClaudiaCharacter.cpp
Claudia.generated.cpp
Claudia.cpp
[8/8] link.exe UE4Editor-Claudia.dll
   Creating library C:\GIT\404\Claudia\Intermediate\Build\Win64\ClaudiaEditor\Development\UE4Editor-Claudia.lib and object C:\GIT\404\Claudia\Intermediate\Build\Win64\ClaudiaEditor\Development\UE4Editor-Claudia.exp
-------- End Detailed Actions Stats -----------------------------------------------------------
Cumulative action seconds (4 processors): 0.00 building projects, 46.53 compiling, 0.00 creating app bundles, 0.00 generating debug info, 4.22 linking, 0.00 other
UBT execution time: 91.48 seconds
LogInit: Version: 4.4.3-2296771+++depot+UE4-Releases+4.4
LogInit: API Version: 2255576
LogInit: Compiled (64-bit): Sep 13 2014 22:30:58
LogInit: Build Configuration: Development
LogInit: Branch Name: ++depot+UE4-Releases+4.4
LogInit: Command line:  
LogInit: Base directory: C:/Program Files/Unreal Engine/4.4/Engine/Binaries/Win64/
LogInit: Rocket: 1
[2014.11.02-23.08.48:617][  0]LogTaskGraph: Started task graph with 3 named threads and 4 total threads.
[2014.11.02-23.08.48:649][  0]LogOnline:Warning: No default platform service specified for OnlineSubsystem
[2014.11.02-23.08.48:940][  0]LogInit: Presizing for 0 objects not considered by GC, pre-allocating 0 bytes.
[2014.11.02-23.08.48:953][  0]LogInit: Object subsystem initialized
[2014.11.02-23.08.48:956][  0]LogInit: Selected Device Profile: [Windows]
[2014.11.02-23.08.48:956][  0]LogInit: Applying CVar settings loaded from the selected device profile: [Windows]
[2014.11.02-23.08.49:023][  0]LogInit: Computer: VAIOTANI
[2014.11.02-23.08.49:023][  0]LogInit: User: tawnknee
[2014.11.02-23.08.49:025][  0]LogInit: CPU Page size=4096, Cores=2
[2014.11.02-23.08.49:025][  0]LogInit: High frequency timer resolution =2.435884 MHz
[2014.11.02-23.08.49:025][  0]LogMemory: Memory total: Physical=3.9GB (4GB approx) Virtual=131072.0GB
[2014.11.02-23.08.49:025][  0]LogMemory: Platform Memory Stats for Windows
[2014.11.02-23.08.49:025][  0]LogMemory: Process Physical Memory: 63.48 MB used, 63.62 MB peak
[2014.11.02-23.08.49:025][  0]LogMemory: Process Virtual Memory: 36.45 MB used, 36.60 MB peak
[2014.11.02-23.08.49:025][  0]LogMemory: Physical Memory: 2201.75 MB used, 3974.80 MB total
[2014.11.02-23.08.49:025][  0]LogMemory: Virtual Memory: 333.47 MB used, 134217728.00 MB total
[2014.11.02-23.08.49:355][  0]LogD3D11RHI: Found D3D11 adapter 0: Intel(R) HD Graphics 4000 (Feature Level 11_0)
[2014.11.02-23.08.49:355][  0]LogD3D11RHI: Adapter has 32MB of dedicated video memory, 0MB of dedicated system memory, and 1760MB of shared system memory, 1 output[s]
[2014.11.02-23.08.49:448][  0]LogD3D11RHI: Found D3D11 adapter 1: NVIDIA GeForce GT 740M (Feature Level 11_0)
[2014.11.02-23.08.49:448][  0]LogD3D11RHI: Adapter has 950MB of dedicated video memory, 0MB of dedicated system memory, and 1987MB of shared system memory, 0 output[s]
[2014.11.02-23.08.49:450][  0]LogD3D11RHI: Found D3D11 adapter 2: Microsoft Basic Render Driver (Feature Level 11_0)
[2014.11.02-23.08.49:450][  0]LogD3D11RHI: Adapter has 0MB of dedicated video memory, 0MB of dedicated system memory, and 256MB of shared system memory, 0 output[s]
[2014.11.02-23.08.49:450][  0]LogD3D11RHI: Chosen D3D11 Adapter Id = 0
[2014.11.02-23.08.49:455][  0]LogRHI: Texture pool is 1361 MB (70% of 1944 MB)
[2014.11.02-23.08.49:866][  0]LogD3D11RHI: Async texture creation enabled
[2014.11.02-23.08.51:047][  0]LogContentStreaming: Texture pool size is 0.000000MB
[2014.11.02-23.08.57:375][  0]LogTargetPlatformManager:Display: Building Assets For Windows
[2014.11.02-23.08.58:895][  0]LogTargetPlatformManager:Display: Building Assets For Windows
[2014.11.02-23.08.58:999][  0]LogDerivedDataCache:Display: Max Cache Size: 512 MB
[2014.11.02-23.08.59:701][  0]LogDerivedDataCache: Loaded boot cache 0.68s 39MB C:/Users/tawnknee/AppData/Local/UnrealEngine/4.4/DerivedDataCache/Boot.ddc.
[2014.11.02-23.08.59:701][  0]LogDerivedDataCache:Display: Loaded Boot cache: C:/Users/tawnknee/AppData/Local/UnrealEngine/4.4/DerivedDataCache/Boot.ddc
[2014.11.02-23.08.59:701][  0]LogDerivedDataCache: FDerivedDataBackendGraph:  Pak pak cache file ../../../../../../GIT/404/Claudia/DerivedDataCache/DDC.ddp not found, will not use a pak cache.
[2014.11.02-23.08.59:701][  0]LogDerivedDataCache: Unable to find inner node Pak for hierarchical cache Hierarchy.
[2014.11.02-23.08.59:789][  0]LogDerivedDataCache:Display: Pak cache opened for reading ../../../Engine/DerivedDataCache/DDC.ddp.
[2014.11.02-23.08.59:836][  0]LogDerivedDataCache: Using Local data cache path C:/Users/tawnknee/AppData/Local/UnrealEngine/4.4/DerivedDataCache: Writable
[2014.11.02-23.09.13:752][  0]LogMeshUtilities: No automatic mesh reduction module available
[2014.11.02-23.09.13:752][  0]LogMeshUtilities: No automatic mesh merging module available
[2014.11.02-23.09.22:844][  0]LogInit: WinSock: version 1.1 (2.2), MaxSocks=32767, MaxUdp=65467
[2014.11.02-23.10.06:772][  0]LogStats:Warning: MetaData mismatch. Did you assign a stat to two groups? New //STATGROUP_Threads//FMonitoredProcess///Thread_1f60_0///////STATCAT_Advanced//// old //STATGROUP_Threads//FMonitoredProcess///Thread_88c_0///////STATCAT_Advanced////
[2014.11.02-23.10.06:772][  0]UdpMessaging: Initializing bridge on interface 0.0.0.0:0 to multicast group 230.0.0.1:6666.
[2014.11.02-23.10.06:961][  0]SourceControl: Info Source control is disabled
[2014.11.02-23.10.06:962][  0]SourceControl: Info Source control is disabled
[2014.11.02-23.10.06:968][  0]SourceControl: Info Source control is disabled
[2014.11.02-23.10.08:103][  0]BlueprintLog: New page: Editor Load
[2014.11.02-23.10.08:498][  0]LogObj: 21452 objects as part of root set at end of initial load.
[2014.11.02-23.10.08:498][  0]LogUObjectAllocator: 4228544 out of 0 bytes used by permanent object pool.
[2014.11.02-23.10.09:130][  0]LogEngine: Initializing Engine...
[2014.11.02-23.10.10:352][  0]LogInit: XAudio2 using 'Speaker/HP (Realtek High Definition Audio)' : 2 channels at 44.1 kHz using 16 bits per sample (channel mask 0x3)
[2014.11.02-23.10.10:994][  0]LogInit: FAudioDevice initialized.
[2014.11.02-23.10.11:019][  0]LogAIModule: Creating AISystem for world NewWorld
[2014.11.02-23.10.11:103][  0]LogDerivedDataCache: Saved boot cache 0.08s 39MB C:/Users/tawnknee/AppData/Local/UnrealEngine/4.4/DerivedDataCache/Boot.ddc.
[2014.11.02-23.10.11:108][  0]LogInit: Texture streaming: Enabled
[2014.11.02-23.10.11:151][  0]LogInit: Transaction tracking system initialized
[2014.11.02-23.10.11:279][  0]LogAssetRegistry: FAssetRegistry took 0.0103 seconds to start up
[2014.11.02-23.10.14:163][  0]LogTargetPlatformManager:Display: Building Assets For Windows
[2014.11.02-23.10.14:717][  0]LogTargetPlatformManager:Display: Building Assets For Windows
[2014.11.02-23.10.14:885][  0]LogConsoleResponse:Display: 
[2014.11.02-23.10.20:483][  0]LogStats:Warning: MetaData mismatch. Did you assign a stat to two groups? New //STATGROUP_Threads//FMonitoredProcess///Thread_20c4_0///////STATCAT_Advanced//// old //STATGROUP_Threads//FMonitoredProcess///Thread_88c_0///////STATCAT_Advanced////
[2014.11.02-23.10.20:483][  0]LogStats:Warning: MetaData mismatch. Did you assign a stat to two groups? New //STATGROUP_Threads//FMonitoredProcess///Thread_12c8_0///////STATCAT_Advanced//// old //STATGROUP_Threads//FMonitoredProcess///Thread_88c_0///////STATCAT_Advanced////
[2014.11.02-23.10.20:483][  0]SourceControl: Info Source control is disabled
[2014.11.02-23.10.20:483][  0]Cmd: MAP LOAD FILE="../../../../../../GIT/404/Claudia/Content/Maps/greybox.umap" TEMPLATE=0 SHOWPROGRESS=1
[2014.11.02-23.10.20:521][  0]LightingResults: New page: Lighting Build
[2014.11.02-23.10.20:530][  0]MapCheck: New page: Map Check
[2014.11.02-23.10.20:530][  0]LightingResults: New page: Lighting Build
[2014.11.02-23.10.20:544][  0]LogParticles: Destroying 0 GPU particle simulations for FXSystem 0x00000048685D4220
[2014.11.02-23.10.20:598][  0]LogLinker:Warning: Asset '../../../../../../GIT/404/Claudia/Content/Blueprints/2DLift.uasset' has been saved with empty engine version. The asset will be loaded but may be incompatible.
[2014.11.02-23.10.21:135][  0]LogLinker:Warning: Asset '../../../../../../GIT/404/Claudia/Content/Data/AnimationState.uasset' has been saved with empty engine version. The asset will be loaded but may be incompatible.
[2014.11.02-23.10.21:160][  0]LogLinker:Warning: Asset '../../../../../../GIT/404/Claudia/Content/Sprites/Claudia/Claudia_Run01.uasset' has been saved with empty engine version. The asset will be loaded but may be incompatible.
[2014.11.02-23.10.21:340][  0]LogLinker:Warning: Asset '../../../../../../GIT/404/Claudia/Content/Textures/Claudia2D_Atlas.uasset' has been saved with empty engine version. The asset will be loaded but may be incompatible.
[2014.11.02-23.10.21:386][  0]LogLinker:Warning: Asset '../../../../../../GIT/404/Claudia/Content/Sprites/Claudia/Claudia_Run07.uasset' has been saved with empty engine version. The asset will be loaded but may be incompatible.
[2014.11.02-23.10.21:484][  0]LogLinker:Warning: Asset '../../../../../../GIT/404/Claudia/Content/Sprites/Claudia/Claudia_Run02.uasset' has been saved with empty engine version. The asset will be loaded but may be incompatible.
[2014.11.02-23.10.21:607][  0]LogLinker:Warning: Asset '../../../../../../GIT/404/Claudia/Content/Sprites/Claudia/Claudia_Run03.uasset' has been saved with empty engine version. The asset will be loaded but may be incompatible.
[2014.11.02-23.10.21:623][  0]LogLinker:Warning: Asset '../../../../../../GIT/404/Claudia/Content/Sprites/Claudia/Claudia_Run04.uasset' has been saved with empty engine version. The asset will be loaded but may be incompatible.
[2014.11.02-23.10.21:660][  0]LogLinker:Warning: Asset '../../../../../../GIT/404/Claudia/Content/Sprites/Claudia/Claudia_Run05.uasset' has been saved with empty engine version. The asset will be loaded but may be incompatible.
[2014.11.02-23.10.21:688][  0]LogLinker:Warning: Asset '../../../../../../GIT/404/Claudia/Content/Sprites/Claudia/Claudia_Run06.uasset' has been saved with empty engine version. The asset will be loaded but may be incompatible.
[2014.11.02-23.10.21:699][  0]LogLinker:Warning: Asset '../../../../../../GIT/404/Claudia/Content/Sprites/Claudia/Claudia_Run08.uasset' has been saved with empty engine version. The asset will be loaded but may be incompatible.
[2014.11.02-23.10.21:709][  0]LogLinker:Warning: Asset '../../../../../../GIT/404/Claudia/Content/Sprites/Claudia/Claudia_Run09.uasset' has been saved with empty engine version. The asset will be loaded but may be incompatible.
[2014.11.02-23.10.21:724][  0]LogLinker:Warning: Asset '../../../../../../GIT/404/Claudia/Content/Sprites/Claudia/Claudia_Run10.uasset' has been saved with empty engine version. The asset will be loaded but may be incompatible.
[2014.11.02-23.10.21:831][  0]LogLinker:Warning: Asset '../../../../../../GIT/404/Claudia/Content/Sprites/Claudia/Claudia_Run11.uasset' has been saved with empty engine version. The asset will be loaded but may be incompatible.
[2014.11.02-23.10.21:863][  0]LogLinker:Warning: Asset '../../../../../../GIT/404/Claudia/Content/Sprites/Claudia/Claudia_Run12.uasset' has been saved with empty engine version. The asset will be loaded but may be incompatible.
[2014.11.02-23.10.21:867][  0]LogLinker:Warning: Asset '../../../../../../GIT/404/Claudia/Content/Sprites/Claudia/Claudia_Run13.uasset' has been saved with empty engine version. The asset will be loaded but may be incompatible.
[2014.11.02-23.10.21:874][  0]LogLinker:Warning: Asset '../../../../../../GIT/404/Claudia/Content/Sprites/Claudia/Claudia_Run14.uasset' has been saved with empty engine version. The asset will be loaded but may be incompatible.
[2014.11.02-23.10.21:891][  0]LogLinker:Warning: Asset '../../../../../../GIT/404/Claudia/Content/Sprites/Claudia/Claudia_Run15.uasset' has been saved with empty engine version. The asset will be loaded but may be incompatible.
[2014.11.02-23.10.21:917][  0]LogLinker:Warning: Asset '../../../../../../GIT/404/Claudia/Content/Sprites/Claudia/Claudia_Run16.uasset' has been saved with empty engine version. The asset will be loaded but may be incompatible.
[2014.11.02-23.10.21:921][  0]LogLinker:Warning: Asset '../../../../../../GIT/404/Claudia/Content/Sprites/Claudia/Claudia_Run17.uasset' has been saved with empty engine version. The asset will be loaded but may be incompatible.
[2014.11.02-23.10.21:945][  0]LogLinker:Warning: Asset '../../../../../../GIT/404/Claudia/Content/Sprites/Claudia/Claudia_Run18.uasset' has been saved with empty engine version. The asset will be loaded but may be incompatible.
[2014.11.02-23.10.21:957][  0]LogLinker:Warning: Asset '../../../../../../GIT/404/Claudia/Content/Sprites/crosshair_Sprite.uasset' has been saved with empty engine version. The asset will be loaded but may be incompatible.
[2014.11.02-23.10.21:973][  0]LogLinker:Warning: Asset '../../../../../../GIT/404/Claudia/Content/Textures/crosshair.uasset' has been saved with empty engine version. The asset will be loaded but may be incompatible.
[2014.11.02-23.10.22:580][  0]LogLinker:Warning: Asset '../../../../../../GIT/404/Claudia/Content/Sprites/Platform.uasset' has been saved with empty engine version. The asset will be loaded but may be incompatible.
[2014.11.02-23.10.22:590][  0]LogLinker:Warning: Asset '../../../../../../GIT/404/Claudia/Content/Textures/2DBackgroundBlockAtlas.uasset' has been saved with empty engine version. The asset will be loaded but may be incompatible.
[2014.11.02-23.10.44:512][  0]LogEditorServer: Finished looking for orphan Actors (0.000 secs)
[2014.11.02-23.10.44:513][  0]LogAIModule: Creating AISystem for world greybox
[2014.11.02-23.10.44:514][  0]Cmd: MAP CHECKDEP
[2014.11.02-23.10.44:514][  0]MapCheck: New page: greybox - 3 Nov 2014 9:10:44 pm
[2014.11.02-23.10.44:626][  0]MapCheck: Info ========== Map Check: 0 Error(s), 0 Warning(s), [111.931ms] ==========
[2014.11.02-23.10.44:626][  0]LogFileHelpers: Loading map 'greybox' took 24.143
[2014.11.02-23.10.44:867][  0]LogCollectionManager: Loaded 0 collections in 0.000950 seconds
[2014.11.02-23.10.45:429][  0]LogCrashTracker: Crashtracker disabled due to settings.
[2014.11.02-23.10.45:490][  0]LogLoad: Full Startup: 243.14 seconds (BP compile: 0.12 seconds)
[2014.11.02-23.10.45:510][  0]LogContentBrowser:Verbose: The content browser source was changed by the sources view to '/Game/Claudia_Kick'
[2014.11.02-23.10.46:079][  0]LogRenderer:Warning: Reallocating scene render targets to support 32x32.
[2014.11.02-23.10.46:927][  0]LogRenderer:Warning: Reallocating scene render targets to support 808x584.
[2014.11.02-23.10.47:695][  1]Cmd: POLY SELECT MEMORY UNION
[2014.11.02-23.10.48:748][ 41]Cmd: CAMERA ALIGN
[2014.11.02-23.10.48:915][ 41]Can't find target actor.
[2014.11.02-23.11.09:618][145]LogAssetRegistry: Asset discovery search completed in 58.3493 seconds
[2014.11.02-23.11.55:110][715]LogSynthBenchmark:Display: FSynthBenchmark (V0.92):
[2014.11.02-23.11.55:110][715]LogSynthBenchmark:Display: ===============
[2014.11.02-23.11.55:110][715]LogSynthBenchmark:Display: Main Processor:
[2014.11.02-23.11.55:158][715]LogSynthBenchmark:Display:          ... 0.021808 s/Run 'RayIntersect'
[2014.11.02-23.11.55:158][715]LogSynthBenchmark:Display:          ... 0.026018 s/Run 'Fractal'
[2014.11.02-23.11.55:158][715]LogSynthBenchmark:Display: 
[2014.11.02-23.11.55:158][715]LogSynthBenchmark:Display:   CompiledTarget_x_Bits: 64
[2014.11.02-23.11.55:158][715]LogSynthBenchmark:Display:   UE_BUILD_SHIPPING: 0
[2014.11.02-23.11.55:158][715]LogSynthBenchmark:Display:   UE_BUILD_TEST: 0
[2014.11.02-23.11.55:158][715]LogSynthBenchmark:Display:   UE_BUILD_DEBUG: 0
[2014.11.02-23.11.55:158][715]LogSynthBenchmark:Display:   TotalPhysicalGBRam: 4
[2014.11.02-23.11.55:158][715]LogSynthBenchmark:Display:   NumberOfCores (physical): 2
[2014.11.02-23.11.55:158][715]LogSynthBenchmark:Display:   NumberOfCores (logical): 4
[2014.11.02-23.11.55:158][715]LogSynthBenchmark:Display:   CPU Perf Index 0: 117.4
[2014.11.02-23.11.55:158][715]LogSynthBenchmark:Display:   CPU Perf Index 1: 109.9
[2014.11.02-23.11.55:158][715]LogSynthBenchmark:Display:  
[2014.11.02-23.11.55:158][715]LogSynthBenchmark:Display: Graphics:
[2014.11.02-23.11.55:158][715]LogSynthBenchmark:Display:   Adapter Name: 'Intel(R) HD Graphics 4000'
[2014.11.02-23.11.55:158][715]LogSynthBenchmark:Display:   (On Optimus the name might be wrong, memory should be ok)
[2014.11.02-23.11.55:158][715]LogSynthBenchmark:Display:   Vendor Id: 0x8086
[2014.11.02-23.11.55:158][715]LogSynthBenchmark:Display:   GPU Memory: 951/0/1988 MB
[2014.11.02-23.11.55:158][715]LogSynthBenchmark:Display:   CPUIndex: 117.4
[2014.11.02-23.11.55:158][715]LogSynthBenchmark:Display:   GPUIndex: -1.$
[2014.11.02-23.11.55:158][715]LogSynthBenchmark:Display: 
[2014.11.02-23.11.55:158][715]LogSynthBenchmark:Display:          ... Total Time: 0.048040 sec
[2014.11.02-23.12.01:544][921]LogContentBrowser:Verbose: The content browser source was changed by the sources view to '/Game/Flipbooks'
[2014.11.02-23.12.04:761][114]LogContentBrowser:Verbose: The content browser source was changed by the sources view to '/Game/Flipbooks/Claudia'
[2014.11.02-23.12.20:797][615]LogContentBrowser:Verbose: The content browser source was changed by the sources view to '/Game/Flipbooks/HalloweenHarry'
[2014.11.02-23.12.28:941][103]LogContentBrowser:Verbose: The content browser source was changed by the sources view to '/Game/Maps'
[2014.11.02-23.12.29:626][144]LogContentBrowser:Verbose: The content browser source was changed by the sources view to '/Game/Materials'
[2014.11.02-23.12.30:854][216]LogContentBrowser:Verbose: The content browser source was changed by the sources view to '/Game/Sprites'
[2014.11.02-23.12.32:762][330]LogContentBrowser:Verbose: The content browser source was changed by the sources view to '/Game/Sprites/Claudia'
[2014.11.02-23.12.55:154][487]LogContentBrowser:Verbose: The content browser source was changed by the sources view to '/Game/Textures'
[2014.11.02-23.13.14:359][594]LogLinker:Warning: Asset '../../../../../../GIT/404/Claudia/Content/Textures/CharacterJumping.uasset' has been saved with empty engine version. The asset will be loaded but may be incompatible.
[2014.11.02-23.13.14:411][594]LogTexture:Display: Building textures: CharacterJumping (AutoDXT)
[2014.11.02-23.13.14:578][594]LogLinker:Warning: Asset '../../../../../../GIT/404/Claudia/Content/Textures/2DCharacter_RunAnimAtlas.uasset' has been saved with empty engine version. The asset will be loaded but may be incompatible.
[2014.11.02-23.13.14:603][594]LogTexture:Display: Building textures: 2DCharacter_RunAnimAtlas (AutoDXT)
[2014.11.02-23.13.15:443][594]LogLinker:Warning: Asset '../../../../../../GIT/404/Claudia/Content/Textures/2DCharacter_IdleAnimAtlas.uasset' has been saved with empty engine version. The asset will be loaded but may be incompatible.
[2014.11.02-23.13.15:515][594]LogTexture:Display: Building textures: 2DCharacter_IdleAnimAtlas (AutoDXT)
[2014.11.02-23.13.16:033][594]LogActorComponent: UnregisterComponent: (/Engine/Transient.CharacterMovementComponent_0) Not registered. Aborting.
[2014.11.02-23.13.22:758][885]LogContentBrowser:Verbose: The content browser source was changed by the sources view to '/Game/Textures'
[2014.11.02-23.13.32:201][436]LogContentBrowser:Verbose: The content browser source was changed by the sources view to '/Game/Textures/Claudia_Character'
[2014.11.02-23.13.42:981][618]LogFactory: FactoryCreateBinary: Texture with TextureFactory (0 0 ../../../../../../Users/tawnknee/Desktop/Claudia/Claudia_Run.png)
[2014.11.02-23.13.43:698][618]0.021463 seconds to analyze Texture2D /Game/Textures/Claudia_Character/Claudia_Run.Claudia_Run

[2014.11.02-23.13.43:729][618]LogTexture:Display: Building textures: Claudia_Run (AutoDXT)
[2014.11.02-23.13.50:204][618]LogContentBrowser:Verbose: The content browser source was changed by the sources view to 'None'
[2014.11.02-23.13.50:204][618]LogContentBrowser:Verbose: The content browser source was changed by the sources view to '/Game/Textures/Claudia_Character'
[2014.11.02-23.14.23:073][350]LogContentBrowser:Verbose: The content browser source was changed by the sources view to '/Game/Sprites'
[2014.11.02-23.14.23:751][390]LogContentBrowser:Verbose: The content browser source was changed by the sources view to '/Game/Sprites/Claudia'
[2014.11.02-23.14.24:573][437]LogContentBrowser:Verbose: The content browser source was changed by the sources view to '/Game/Sprites/HalloweenHarry'
[2014.11.02-23.14.25:275][477]LogContentBrowser:Verbose: The content browser source was changed by the sources view to '/Game/Textures'
[2014.11.02-23.14.26:736][563]LogContentBrowser:Verbose: The content browser source was changed by the sources view to '/Game/Textures/Claudia_Character'
[2014.11.02-23.14.38:549][258]LogContentBrowser:Verbose: The content browser source was changed by the sources view to '/Game/Flipbooks/Claudia'
[2014.11.02-23.14.39:756][330]LogContentBrowser:Verbose: The content browser source was changed by the sources view to '/Game/Claudia_Kick'
[2014.11.02-23.14.47:924][810]LogContentBrowser:Verbose: The content browser source was changed by the sources view to 'None'
[2014.11.02-23.14.48:634][838]LogContentBrowser:Verbose: The content browser source was changed by the sources view to '/Game/Flipbooks/HalloweenHarry'
[2014.11.02-23.14.49:213][872]LogContentBrowser:Verbose: The content browser source was changed by the sources view to '/Game/Flipbooks/Claudia'
[2014.11.02-23.14.50:434][945]LogContentBrowser:Verbose: The content browser source was changed by the sources view to '/Game/Materials'
[2014.11.02-23.14.51:287][996]LogContentBrowser:Verbose: The content browser source was changed by the sources view to '/Game/Sprites'
[2014.11.02-23.14.52:990][ 95]LogContentBrowser:Verbose: The content browser source was changed by the sources view to '/Game/Sprites/Claudia'
[2014.11.02-23.14.54:416][177]LogContentBrowser:Verbose: The content browser source was changed by the sources view to '/Game/Textures'
[2014.11.02-23.14.54:915][205]LogContentBrowser:Verbose: The content browser source was changed by the sources view to '/Game/Textures/Claudia_Character'
[2014.11.02-23.15.00:438][448]Cmd: OBJ SAVEPACKAGE PACKAGE="/Game/Textures/Claudia_Character/Claudia_Run" FILE="../../../../../../GIT/404/Claudia/Content/Textures/Claudia_Character/Claudia_Run.uasset" SILENT=true
[2014.11.02-23.15.02:619][448]LogSavePackage: Save=2167.597168ms
[2014.11.02-23.15.02:619][448]LogSavePackage: Moving '../../../../../../GIT/404/Claudia/Saved/Claudia_Run90B9ADE64734E698C9EAD380508D7E49.tmp' to '../../../../../../GIT/404/Claudia/Content/Textures/Claudia_Character/Claudia_Run.uasset'
[2014.11.02-23.15.42:039][435]Cmd: OBJ SAVEPACKAGE PACKAGE="/Game/Textures/Claudia_Character/Claudia_Run" FILE="../../../../../../GIT/404/Claudia/Content/Textures/Claudia_Character/Claudia_Run.uasset" SILENT=true
[2014.11.02-23.15.42:241][435]LogSavePackage: Save=124.663574ms
[2014.11.02-23.15.42:241][435]LogSavePackage: Moving '../../../../../../GIT/404/Claudia/Saved/Claudia_Run535ED1E143A9C3101BB36992DDF9DA88.tmp' to '../../../../../../GIT/404/Claudia/Content/Textures/Claudia_Character/Claudia_Run.uasset'
[2014.11.02-23.16.59:489][936]LogContentBrowser:Verbose: The content browser source was changed by the sources view to '/Game/Textures/Claudia_Character'
[2014.11.02-23.17.04:940][232]LogRenderer:Warning: Reallocating scene render targets to support 840x584.
[2014.11.02-23.17.14:452][584]LogActorComponent: UnregisterComponent: (/Engine/Transient.CharacterMovementComponent_1) Not registered. Aborting.
[2014.11.02-23.17.14:477][584]LogParticles: Destroying 0 GPU particle simulations for FXSystem 0x0000004862A5B560
[2014.11.02-23.17.23:027][983]LogContentBrowser:Verbose: The content browser source was changed by the sources view to '/Game/Textures'
[2014.11.02-23.17.24:719][ 83]LogContentBrowser:Verbose: The content browser source was changed by the sources view to '/Game/Textures/Claudia_Character'
[2014.11.02-23.17.25:437][126]LogContentBrowser:Verbose: The content browser source was changed by the sources view to '/Game/Sprites/Claudia'
[2014.11.02-23.17.26:759][203]LogContentBrowser:Verbose: The content browser source was changed by the sources view to '/Game/Sprites'
[2014.11.02-23.17.27:354][238]LogContentBrowser:Verbose: The content browser source was changed by the sources view to '/Game/Sprites/Claudia'
[2014.11.02-23.17.28:443][301]LogContentBrowser:Verbose: The content browser source was changed by the sources view to '/Game/Textures'
[2014.11.02-23.17.30:263][408]LogContentBrowser:Verbose: The content browser source was changed by the sources view to '/Game/Textures/Claudia_Character'
[2014.11.02-23.17.42:739][130]Cmd: OBJ SAVEPACKAGE PACKAGE="/Game/Textures/Claudia_Run" FILE="../../../../../../GIT/404/Claudia/Content/Textures/Claudia_Run.uasset" SILENT=true
[2014.11.02-23.17.43:014][130]LogSavePackage: Save=266.001160ms
[2014.11.02-23.17.43:014][130]LogSavePackage: Moving '../../../../../../GIT/404/Claudia/Saved/Claudia_Run29EA77BF4A546DA250075A8752E4DF6A.tmp' to '../../../../../../GIT/404/Claudia/Content/Textures/Claudia_Run.uasset'
[2014.11.02-23.17.43:889][166]LogContentBrowser:Verbose: The content browser source was changed by the sources view to '/Game/Textures'
[2014.11.02-23.17.57:467][874]LogContentBrowser:Verbose: The content browser source was changed by the sources view to '/Game/Textures/Claudia_Character'
[2014.11.02-23.18.04:120][958]LogFactory: FactoryCreateBinary: Texture with TextureFactory (0 0 ../../../../../../Users/tawnknee/Desktop/Claudia/Claudia_Run.png)
[2014.11.02-23.18.04:565][958]0.000042 seconds to analyze Texture2D /Game/Textures/Claudia_Character/Claudia_Run.Claudia_Run

[2014.11.02-23.18.04:584][958]LogTexture:Display: Building textures: Claudia_Run (AutoDXT)
[2014.11.02-23.18.11:002][958]LogContentBrowser:Verbose: The content browser source was changed by the sources view to 'None'
[2014.11.02-23.18.11:002][958]LogContentBrowser:Verbose: The content browser source was changed by the sources view to '/Game/Textures/Claudia_Character'
[2014.11.02-23.18.24:194][627]Cmd: OBJ SAVEPACKAGE PACKAGE="/Game/Textures/Claudia_Character/Claudia_Run" FILE="../../../../../../GIT/404/Claudia/Content/Textures/Claudia_Character/Claudia_Run.uasset" SILENT=true
[2014.11.02-23.18.26:339][627]LogSavePackage: Save=2133.120361ms
[2014.11.02-23.18.26:339][627]LogSavePackage: Moving '../../../../../../GIT/404/Claudia/Saved/Claudia_RunE99F0ED249F982DAC6FABD8B1C479FFA.tmp' to '../../../../../../GIT/404/Claudia/Content/Textures/Claudia_Character/Claudia_Run.uasset'
[2014.11.02-23.18.35:750][ 87]LogContentBrowser:Verbose: The content browser source was changed by the sources view to '/Game/Textures/Claudia_Character'
[2014.11.02-23.20.05:203][878]Cmd: OBJ SAVEPACKAGE PACKAGE="/Game/Textures/Claudia_Character/Claudia_Run" FILE="../../../../../../GIT/404/Claudia/Content/Textures/Claudia_Character/Claudia_Run.uasset" SILENT=true
[2014.11.02-23.20.05:309][878]LogSavePackage: Save=92.865257ms
[2014.11.02-23.20.05:309][878]LogSavePackage: Moving '../../../../../../GIT/404/Claudia/Saved/Claudia_Run86C8488B4FF5637E7CD2B58C1EB93DFF.tmp' to '../../../../../../GIT/404/Claudia/Content/Textures/Claudia_Character/Claudia_Run.uasset'
[2014.11.02-23.20.06:121][907]LogEditorFactories: Performing atomic reimport of [C:/Users/tawnknee/Desktop/Claudia/Claudia_Run.png]
[2014.11.02-23.20.06:122][907]LogFactory: FactoryCreateBinary: Texture2D with ReimportTextureFactory (0 0 C:/Users/tawnknee/Desktop/Claudia/Claudia_Run.png)
[2014.11.02-23.20.06:400][907]LogTexture:Display: Building textures: Claudia_Run (BGRA8)
[2014.11.02-23.20.07:966][907]LogTexture:Display: Building textures: Claudia_Run (BGRA8)
[2014.11.02-23.20.09:024][907]LogEditorFactories: -- imported successfully
[2014.11.02-23.20.46:232][400]LogFileHelpers: Editor autosave (incl. sublevels) for '/Game/Maps/greybox' took 0.019
[2014.11.02-23.20.46:268][400]OBJ SavePackage: Generating thumbnails for [1] asset(s) in package [/Game/Textures/Claudia_Character/Claudia_Run] ([1] browsable assets)...
[2014.11.02-23.20.46:302][400]OBJ SavePackage:     Rendered thumbnail for [Texture2D /Game/Textures/Claudia_Character/Claudia_Run.Claudia_Run]
[2014.11.02-23.20.46:302][400]OBJ SavePackage: Finished generating thumbnails for package [/Game/Textures/Claudia_Character/Claudia_Run]
[2014.11.02-23.20.46:410][400]LogTexture:Display: Building textures: Claudia_Run (AutoDXT)
[2014.11.02-23.20.54:941][400]LogSavePackage: Save=8561.453125ms
[2014.11.02-23.20.54:941][400]LogSavePackage: Moving '../../../../../../GIT/404/Claudia/Saved/Claudia_Run_Auto1E4DDD0F0439506349F5C03B126372630.tmp' to '../../../../../../GIT/404/Claudia/Saved/Autosaves/Game/Textures/Claudia_Character/Claudia_Run_Auto1.uasset'
[2014.11.02-23.20.54:961][400]LogFileHelpers: Auto-saving content packages took 8.729
[2014.11.02-23.21.54:126][484]Cmd: OBJ SAVEPACKAGE PACKAGE="/Game/Textures/Claudia_Character/Claudia_Run" FILE="../../../../../../GIT/404/Claudia/Content/Textures/Claudia_Character/Claudia_Run.uasset" SILENT=true
[2014.11.02-23.21.54:222][484]LogSavePackage: Save=84.632111ms
[2014.11.02-23.21.54:222][484]LogSavePackage: Moving '../../../../../../GIT/404/Claudia/Saved/Claudia_RunB8294DF54BC1D2977280A4A136985601.tmp' to '../../../../../../GIT/404/Claudia/Content/Textures/Claudia_Character/Claudia_Run.uasset'
[2014.11.02-23.21.54:802][485]Cmd: QUIT_EDITOR
[2014.11.02-23.21.55:078][485]LogWindowsTextInputMethodSystem:Error: Terminating failed while unadvising the language notification sink from the TSF source.
[2014.11.02-23.21.55:130][485]LogExit: Preparing to exit.
[2014.11.02-23.21.55:978][485]LogExit: Editor shut down
[2014.11.02-23.21.55:978][485]LogExit: Transaction tracking system shut down
[2014.11.02-23.21.55:979][485]LogParticles: Destroying 0 GPU particle simulations for FXSystem 0x00000048629C7A60
[2014.11.02-23.21.55:979][485]LogParticles: Destroying 0 GPU particle simulations for FXSystem 0x00000048628400E0
[2014.11.02-23.21.56:746][485]LogParticles: Destroying 0 GPU particle simulations for FXSystem 0x0000004861BFB740
[2014.11.02-23.21.56:746][485]LogExit: Object subsystem successfully closed.
[2014.11.02-23.21.57:063][485]LogModuleManager: Shutting down and abandoning module TextureEditor (164)
[2014.11.02-23.21.57:063][485]LogModuleManager: Shutting down and abandoning module SynthBenchmark (163)
[2014.11.02-23.21.57:063][485]LogModuleManager: Shutting down and abandoning module AndroidDeviceDetection (162)
[2014.11.02-23.21.57:063][485]LogModuleManager: Shutting down and abandoning module HTTP (161)
[2014.11.02-23.21.57:063][485]LogModuleManager: Shutting down and abandoning module CrashTracker (160)
[2014.11.02-23.21.57:063][485]LogModuleManager: Shutting down and abandoning module SuperSearch (159)
[2014.11.02-23.21.57:063][485]LogModuleManager: Shutting down and abandoning module SceneOutliner (158)
[2014.11.02-23.21.57:063][485]LogModuleManager: Shutting down and abandoning module EditorWidgets (157)
[2014.11.02-23.21.57:064][485]LogModuleManager: Shutting down and abandoning module CollectionManager (156)
[2014.11.02-23.21.57:064][485]LogModuleManager: Shutting down and abandoning module StatsViewer (155)
[2014.11.02-23.21.57:081][485]LogModuleManager: Shutting down and abandoning module FoliageEdit (154)
[2014.11.02-23.21.57:081][485]LogModuleManager: Shutting down and abandoning module LandscapeEditor (153)
[2014.11.02-23.21.57:081][485]LogModuleManager: Shutting down and abandoning module MeshPaint (152)
[2014.11.02-23.21.57:081][485]LogModuleManager: Shutting down and abandoning module ActorPickerMode (151)
[2014.11.02-23.21.57:081][485]LogModuleManager: Shutting down and abandoning module GeometryMode (150)
[2014.11.02-23.21.57:081][485]LogModuleManager: Shutting down and abandoning module TextureAlignMode (149)
[2014.11.02-23.21.57:081][485]LogModuleManager: Shutting down and abandoning module BspMode (148)
[2014.11.02-23.21.57:081][485]LogModuleManager: Shutting down and abandoning module PlacementMode (147)
[2014.11.02-23.21.57:081][485]LogModuleManager: Shutting down and abandoning module AutomationWorker (146)
[2014.11.02-23.21.57:081][485]LogModuleManager: Shutting down and abandoning module EditorLiveStreaming (145)
[2014.11.02-23.21.57:081][485]LogModuleManager: Shutting down and abandoning module BehaviorTreeEditor (144)
[2014.11.02-23.21.57:082][485]LogModuleManager: Shutting down and abandoning module DeviceProfileEditor (143)
[2014.11.02-23.21.57:082][485]LogModuleManager: Shutting down and abandoning module UndoHistory (142)
[2014.11.02-23.21.57:082][485]LogModuleManager: Shutting down and abandoning module GameplayTagsEditor (141)
[2014.11.02-23.21.57:082][485]LogModuleManager: Shutting down and abandoning module UserFeedback (140)
[2014.11.02-23.21.57:082][485]LogModuleManager: Shutting down and abandoning module XmlParser (139)
[2014.11.02-23.21.57:082][485]LogModuleManager: Shutting down and abandoning module Blutility (138)
[2014.11.02-23.21.57:082][485]LogModuleManager: Shutting down and abandoning module IOSPlatformEditor (137)
[2014.11.02-23.21.57:082][485]LogModuleManager: Shutting down and abandoning module IOSRuntimeSettings (136)
[2014.11.02-23.21.57:082][485]LogModuleManager: Shutting down and abandoning module AndroidPlatformEditor (135)
[2014.11.02-23.21.57:082][485]LogModuleManager: Shutting down and abandoning module AndroidRuntimeSettings (134)
[2014.11.02-23.21.57:082][485]LogModuleManager: Shutting down and abandoning module ProjectTargetPlatformEditor (133)
[2014.11.02-23.21.57:082][485]LogModuleManager: Shutting down and abandoning module ProjectSettingsViewer (132)
[2014.11.02-23.21.57:082][485]LogModuleManager: Shutting down and abandoning module InputBindingEditor (131)
[2014.11.02-23.21.57:082][485]LogModuleManager: Shutting down and abandoning module EditorSettingsViewer (130)
[2014.11.02-23.21.57:082][485]LogModuleManager: Shutting down and abandoning module SettingsEditor (129)
[2014.11.02-23.21.57:082][485]LogModuleManager: Shutting down and abandoning module SessionLauncher (128)
[2014.11.02-23.21.57:082][485]LogModuleManager: Shutting down and abandoning module SessionFrontend (127)
[2014.11.02-23.21.57:082][485]LogModuleManager: Shutting down and abandoning module ProfilerClient (126)
[2014.11.02-23.21.57:082][485]LogModuleManager: Shutting down and abandoning module TargetDeviceServices (125)
[2014.11.02-23.21.57:082][485]LogModuleManager: Shutting down and abandoning module DeviceManager (124)
[2014.11.02-23.21.57:082][485]LogModuleManager: Shutting down and abandoning module AutomationController (123)
[2014.11.02-23.21.57:082][485]LogModuleManager: Shutting down and abandoning module AutomationWindow (122)
[2014.11.02-23.21.57:082][485]LogModuleManager: Shutting down and abandoning module Layers (121)
[2014.11.02-23.21.57:082][485]LogModuleManager: Shutting down and abandoning module ComponentVisualizers (120)
[2014.11.02-23.21.57:082][485]LogModuleManager: Shutting down and abandoning module DetailCustomizations (119)
[2014.11.02-23.21.57:082][485]LogModuleManager: Shutting down and abandoning module PackagesDialog (118)
[2014.11.02-23.21.57:082][485]LogModuleManager: Shutting down and abandoning module DirectoryWatcher (117)
[2014.11.02-23.21.57:083][485]LogModuleManager: Shutting down and abandoning module AssetRegistry (116)
[2014.11.02-23.21.57:159][485]LogModuleManager: Shutting down and abandoning module Persona (115)
[2014.11.02-23.21.57:159][485]LogModuleManager: Shutting down and abandoning module GraphEditor (114)
[2014.11.02-23.21.57:213][485]LogModuleManager: Shutting down and abandoning module ClassViewer (113)
[2014.11.02-23.21.57:213][485]LogModuleManager: Shutting down and abandoning module Toolbox (112)
[2014.11.02-23.21.57:213][485]LogModuleManager: Shutting down and abandoning module ModuleUI (111)
[2014.11.02-23.21.57:213][485]LogModuleManager: Shutting down and abandoning module Sequencer (110)
[2014.11.02-23.21.57:214][485]LogModuleManager: Shutting down and abandoning module MovieSceneTools (109)
[2014.11.02-23.21.57:232][485]LogModuleManager: Shutting down and abandoning module OutputLog (108)
[2014.11.02-23.21.57:232][485]LogModuleManager: Shutting down and abandoning module GammaUI (107)
[2014.11.02-23.21.57:232][485]LogModuleManager: Shutting down and abandoning module Documentation (106)
[2014.11.02-23.21.57:232][485]LogModuleManager: Shutting down and abandoning module GameLiveStreaming (105)
[2014.11.02-23.21.57:232][485]LogModuleManager: Shutting down and abandoning module StreamingPauseRendering (104)
[2014.11.02-23.21.57:232][485]LogModuleManager: Shutting down and abandoning module AnalyticsET (103)
[2014.11.02-23.21.57:232][485]LogModuleManager: Shutting down and abandoning module Analytics (102)
[2014.11.02-23.21.57:232][485]LogModuleManager: Shutting down and abandoning module GameplayDebugger (101)
[2014.11.02-23.21.57:232][485]LogModuleManager: Shutting down and abandoning module AIModule (100)
[2014.11.02-23.21.57:288][485]LogModuleManager: Shutting down and abandoning module ProfilerService (99)
[2014.11.02-23.21.57:376][485]LogModuleManager: Shutting down and abandoning module TaskGraph (98)
[2014.11.02-23.21.57:376][485]LogModuleManager: Shutting down and abandoning module SlateRemote (97)
[2014.11.02-23.21.57:376][485]LogModuleManager: Shutting down and abandoning module ScriptEditorPlugin (96)
[2014.11.02-23.21.57:376][485]LogModuleManager: Shutting down and abandoning module CustomMeshComponent (95)
[2014.11.02-23.21.57:376][485]LogModuleManager: Shutting down and abandoning module CableComponent (94)
[2014.11.02-23.21.57:376][485]LogModuleManager: Shutting down and abandoning module MessagingDebugger (93)
[2014.11.02-23.21.57:376][485]LogModuleManager: Shutting down and abandoning module ViewportSnapping (92)
[2014.11.02-23.21.57:376][485]LogModuleManager: Shutting down and abandoning module SmartSnapping (91)
[2014.11.02-23.21.57:376][485]LogModuleManager: Shutting down and abandoning module PaperTiledImporter (90)
[2014.11.02-23.21.57:376][485]LogModuleManager: Shutting down and abandoning module PaperJsonImporter (89)
[2014.11.02-23.21.57:376][485]LogModuleManager: Shutting down and abandoning module GameProjectGeneration (88)
[2014.11.02-23.21.57:376][485]LogModuleManager: Shutting down and abandoning module Matinee (87)
[2014.11.02-23.21.57:376][485]LogModuleManager: Shutting down and abandoning module Kismet (86)
[2014.11.02-23.21.57:434][485]LogModuleManager: Shutting down and abandoning module SlateReflector (85)
[2014.11.02-23.21.57:434][485]LogModuleManager: Shutting down and abandoning module LevelEditor (84)
[2014.11.02-23.21.57:435][485]LogModuleManager: Shutting down and abandoning module IntroTutorials (83)
[2014.11.02-23.21.57:435][485]LogModuleManager: Shutting down and abandoning module ContentBrowser (82)
[2014.11.02-23.21.57:435][485]LogModuleManager: Shutting down and abandoning module PropertyEditor (81)
[2014.11.02-23.21.57:435][485]LogModuleManager: Shutting down and abandoning module AssetTools (80)
[2014.11.02-23.21.57:435][485]LogModuleManager: Shutting down and abandoning module Paper2DEditor (79)
[2014.11.02-23.21.57:435][485]LogModuleManager: Shutting down and abandoning module SpeedTreeImporter (78)
[2014.11.02-23.21.57:435][485]LogModuleManager: Shutting down and abandoning module PluginsEditor (77)
[2014.11.02-23.21.57:435][485]LogModuleManager: Shutting down and abandoning module MainFrame (76)
[2014.11.02-23.21.57:435][485]LogModuleManager: Shutting down and abandoning module EpicSurvey (75)
[2014.11.02-23.21.57:435][485]LogModuleManager: Shutting down and abandoning module VisualStudioSourceCodeAccess (74)
[2014.11.02-23.21.57:435][485]LogModuleManager: Shutting down and abandoning module UObjectPlugin (73)
[2014.11.02-23.21.57:435][485]LogModuleManager: Shutting down and abandoning module SubversionSourceControl (72)
[2014.11.02-23.21.57:435][485]LogModuleManager: Shutting down and abandoning module SourceControl (71)
[2014.11.02-23.21.57:435][485]LogModuleManager: Shutting down and abandoning module PerforceSourceControl (70)
[2014.11.02-23.21.57:435][485]LogModuleManager: Shutting down and abandoning module BlankPlugin (69)
[2014.11.02-23.21.57:436][485]LogModuleManager: Shutting down and abandoning module Claudia (68)
[2014.11.02-23.21.57:436][485]LogModuleManager: Shutting down and abandoning module ScriptPlugin (67)
[2014.11.02-23.21.57:436][485]LogModuleManager: Shutting down and abandoning module UdpMessaging (66)
[2014.11.02-23.21.57:537][485]LogModuleManager: Shutting down and abandoning module Paper2D (65)
[2014.11.02-23.21.57:537][485]LogModuleManager: Shutting down and abandoning module WindowsMoviePlayer (64)
[2014.11.02-23.21.57:539][485]LogModuleManager: Shutting down and abandoning module ImageWrapper (63)
[2014.11.02-23.21.57:539][485]LogModuleManager: Shutting down and abandoning module OnlineBlueprintSupport (62)
[2014.11.02-23.21.57:539][485]LogModuleManager: Shutting down and abandoning module FunctionalTesting (61)
[2014.11.02-23.21.57:539][485]LogModuleManager: Shutting down and abandoning module CollisionAnalyzer (60)
[2014.11.02-23.21.57:539][485]LogModuleManager: Shutting down and abandoning module WorkspaceMenuStructure (59)
[2014.11.02-23.21.57:540][485]LogModuleManager: Shutting down and abandoning module MessageLog (58)
[2014.11.02-23.21.57:540][485]LogModuleManager: Shutting down and abandoning module UMGEditor (57)
[2014.11.02-23.21.57:540][485]LogModuleManager: Shutting down and abandoning module UMG (56)
[2014.11.02-23.21.57:540][485]LogModuleManager: Shutting down and abandoning module Slate (55)
[2014.11.02-23.21.57:540][485]LogModuleManager: Shutting down and abandoning module EditorStyle (54)
[2014.11.02-23.21.57:541][485]LogModuleManager: Shutting down and abandoning module SessionServices (53)
[2014.11.02-23.21.57:541][485]LogModuleManager: Shutting down and abandoning module SourceCodeAccess (52)
[2014.11.02-23.21.57:541][485]LogModuleManager: Shutting down and abandoning module HeadMountedDisplay (51)
[2014.11.02-23.21.57:541][485]LogModuleManager: Shutting down and abandoning module XAudio2 (50)
[2014.11.02-23.21.57:541][485]LogModuleManager: Shutting down and abandoning module Networking (48)
[2014.11.02-23.21.57:541][485]LogModuleManager: Shutting down and abandoning module Core (47)
[2014.11.02-23.21.57:541][485]LogModuleManager: Shutting down and abandoning module KismetCompiler (46)
[2014.11.02-23.21.57:541][485]LogModuleManager: Shutting down and abandoning module PhysXFormats (45)
[2014.11.02-23.21.57:541][485]LogModuleManager: Shutting down and abandoning module MeshUtilities (44)
[2014.11.02-23.21.57:541][485]LogModuleManager: Shutting down and abandoning module DerivedDataCache (43)
[2014.11.02-23.21.57:618][485]LogDerivedDataCache: Shutdown
[2014.11.02-23.21.57:618][485]LogModuleManager: Shutting down and abandoning module ShaderFormatOpenGL (42)
[2014.11.02-23.21.57:618][485]LogModuleManager: Shutting down and abandoning module ShaderFormatD3D (41)
[2014.11.02-23.21.57:618][485]LogModuleManager: Shutting down and abandoning module MetalShaderFormat (40)
[2014.11.02-23.21.57:618][485]LogModuleManager: Shutting down and abandoning module TextureFormatUncompressed (39)
[2014.11.02-23.21.57:618][485]LogModuleManager: Shutting down and abandoning module TextureFormatPVR (38)
[2014.11.02-23.21.57:618][485]LogModuleManager: Shutting down and abandoning module TextureFormatDXT (37)
[2014.11.02-23.21.57:618][485]LogModuleManager: Shutting down and abandoning module TextureFormatAndroid (36)
[2014.11.02-23.21.57:618][485]LogModuleManager: Shutting down and abandoning module AudioFormatOpus (35)
[2014.11.02-23.21.57:618][485]LogModuleManager: Shutting down and abandoning module AudioFormatOgg (34)
[2014.11.02-23.21.57:618][485]LogModuleManager: Shutting down and abandoning module AudioFormatADPCM (33)
[2014.11.02-23.21.57:618][485]LogModuleManager: Shutting down and abandoning module Messaging (32)
[2014.11.02-23.21.57:618][485]LogModuleManager: Shutting down and abandoning module IOSTargetPlatform (31)
[2014.11.02-23.21.57:618][485]LogModuleManager: Shutting down and abandoning module Android_PVRTCTargetPlatform (30)
[2014.11.02-23.21.57:618][485]LogModuleManager: Shutting down and abandoning module Android_ETC2TargetPlatform (29)
[2014.11.02-23.21.57:618][485]LogModuleManager: Shutting down and abandoning module Android_ETC1TargetPlatform (28)
[2014.11.02-23.21.57:618][485]LogModuleManager: Shutting down and abandoning module Android_DXTTargetPlatform (27)
[2014.11.02-23.21.57:618][485]LogModuleManager: Shutting down and abandoning module Android_ATCTargetPlatform (26)
[2014.11.02-23.21.57:618][485]LogModuleManager: Shutting down and abandoning module AndroidTargetPlatform (25)
[2014.11.02-23.21.57:618][485]LogModuleManager: Shutting down and abandoning module WindowsTargetPlatform (24)
[2014.11.02-23.21.57:618][485]LogModuleManager: Shutting down and abandoning module WindowsServerTargetPlatform (23)
[2014.11.02-23.21.57:618][485]LogModuleManager: Shutting down and abandoning module WindowsNoEditorTargetPlatform (22)
[2014.11.02-23.21.57:618][485]LogModuleManager: Shutting down and abandoning module WindowsClientTargetPlatform (21)
[2014.11.02-23.21.57:618][485]LogModuleManager: Shutting down and abandoning module TargetPlatform (20)
[2014.11.02-23.21.57:618][485]LogModuleManager: Shutting down and abandoning module InputCore (19)
[2014.11.02-23.21.57:618][485]LogModuleManager: Shutting down and abandoning module Settings (18)
[2014.11.02-23.21.57:618][485]LogModuleManager: Shutting down and abandoning module ExampleDeviceProfileSelector (15)
[2014.11.02-23.21.57:618][485]LogModuleManager: Shutting down and abandoning module OculusRift (14)
[2014.11.02-23.21.57:618][485]LogModuleManager: Shutting down and abandoning module DesktopPlatform (13)
[2014.11.02-23.21.57:636][485]LogModuleManager: Shutting down and abandoning module TextureCompressor (12)
[2014.11.02-23.21.57:636][485]LogModuleManager: Shutting down and abandoning module ShaderCore (11)
[2014.11.02-23.21.57:636][485]LogModuleManager: Shutting down and abandoning module OpenGLDrv (10)
[2014.11.02-23.21.57:636][485]LogModuleManager: Shutting down and abandoning module D3D11RHI (9)
[2014.11.02-23.21.57:636][485]LogModuleManager: Shutting down and abandoning module SlateRHIRenderer (8)
[2014.11.02-23.21.57:636][485]LogModuleManager: Shutting down and abandoning module Renderer (7)
[2014.11.02-23.21.57:636][485]LogModuleManager: Shutting down and abandoning module Engine (6)
[2014.11.02-23.21.57:636][485]LogModuleManager: Shutting down and abandoning module CoreUObject (5)
[2014.11.02-23.21.57:636][485]LogModuleManager: Shutting down and abandoning module NetworkFile (4)
[2014.11.02-23.21.57:676][485]LogModuleManager: Shutting down and abandoning module StreamingFile (3)
[2014.11.02-23.21.57:693][485]LogModuleManager: Shutting down and abandoning module SandboxFile (2)
[2014.11.02-23.21.57:734][485]LogModuleManager: Shutting down and abandoning module PakFile (1)
[2014.11.02-23.21.57:754][485]LogExit: Exiting.
[2014.11.02-23.21.57:767][485]Log file closed, 11/03/14 10:21:57
