Log file open, 11/17/14 09:16:06
LogInit:Display: Running engine for game: Claudia
LogInit: Version: 4.4.3-2296771+++depot+UE4-Releases+4.4
LogInit: API Version: 2255576
LogInit: Compiled (64-bit): Sep 13 2014 22:30:58
LogInit: Build Configuration: Development
LogInit: Branch Name: ++depot+UE4-Releases+4.4
LogInit: Command line: 
LogInit: Base directory: C:/Program Files/Unreal Engine/4.4/Engine/Binaries/Win64/
LogInit: Rocket: 1
[2014.11.16-22.16.06:266][  0]LogTaskGraph: Started task graph with 3 named threads and 4 total threads.
[2014.11.16-22.16.06:297][  0]LogOnline:Warning: No default platform service specified for OnlineSubsystem
[2014.11.16-22.16.06:308][  0]LogInit: Presizing for 0 objects not considered by GC, pre-allocating 0 bytes.
[2014.11.16-22.16.06:316][  0]LogInit: Object subsystem initialized
[2014.11.16-22.16.06:318][  0]LogInit: Selected Device Profile: [Windows]
[2014.11.16-22.16.06:318][  0]LogInit: Applying CVar settings loaded from the selected device profile: [Windows]
[2014.11.16-22.16.06:347][  0]LogInit: Computer: SAE-SYD80512W
[2014.11.16-22.16.06:347][  0]LogInit: User: jsacdalan
[2014.11.16-22.16.06:347][  0]LogInit: CPU Page size=4096, Cores=4
[2014.11.16-22.16.06:347][  0]LogInit: High frequency timer resolution =3.020537 MHz
[2014.11.16-22.16.06:348][  0]LogMemory: Memory total: Physical=4.0GB (4GB approx) Virtual=8192.0GB
[2014.11.16-22.16.06:348][  0]LogMemory: Platform Memory Stats for Windows
[2014.11.16-22.16.06:348][  0]LogMemory: Process Physical Memory: 62.43 MB used, 62.43 MB peak
[2014.11.16-22.16.06:348][  0]LogMemory: Process Virtual Memory: 37.96 MB used, 37.96 MB peak
[2014.11.16-22.16.06:348][  0]LogMemory: Physical Memory: 2053.69 MB used, 4071.74 MB total
[2014.11.16-22.16.06:348][  0]LogMemory: Virtual Memory: 262.34 MB used, 8388608.00 MB total
[2014.11.16-22.16.06:376][  0]LogD3D11RHI: Found D3D11 adapter 0: AMD Radeon HD 6970M (Feature Level 11_0)
[2014.11.16-22.16.06:376][  0]LogD3D11RHI: Adapter has 1012MB of dedicated video memory, 0MB of dedicated system memory, and 1779MB of shared system memory, 1 output[s]
[2014.11.16-22.16.06:376][  0]LogD3D11RHI: Chosen D3D11 Adapter Id = 0
[2014.11.16-22.16.06:381][  0]LogRHI: Texture pool is 708 MB (70% of 1012 MB)
[2014.11.16-22.16.06:386][  0]LogD3D11RHI: Async texture creation disabled: no driver support
[2014.11.16-22.16.06:492][  0]LogContentStreaming: Texture pool size is 0.000000MB
[2014.11.16-22.16.08:354][  0]LogTargetPlatformManager:Display: Building Assets For Windows
[2014.11.16-22.16.08:882][  0]LogTargetPlatformManager:Display: Building Assets For Windows
[2014.11.16-22.16.08:914][  0]LogDerivedDataCache:Display: Max Cache Size: 512 MB
[2014.11.16-22.16.08:950][  0]LogDerivedDataCache: Loaded boot cache 0.04s 39MB C:/Users/jsacdalan/AppData/Local/UnrealEngine/4.4/DerivedDataCache/Boot.ddc.
[2014.11.16-22.16.08:951][  0]LogDerivedDataCache:Display: Loaded Boot cache: C:/Users/jsacdalan/AppData/Local/UnrealEngine/4.4/DerivedDataCache/Boot.ddc
[2014.11.16-22.16.08:951][  0]LogDerivedDataCache: FDerivedDataBackendGraph:  Pak pak cache file ../../../../../../Users/jsacdalan/Documents/Claudia/Claudia/DerivedDataCache/DDC.ddp not found, will not use a pak cache.
[2014.11.16-22.16.08:951][  0]LogDerivedDataCache: Unable to find inner node Pak for hierarchical cache Hierarchy.
[2014.11.16-22.16.08:967][  0]LogDerivedDataCache:Display: Pak cache opened for reading ../../../Engine/DerivedDataCache/DDC.ddp.
[2014.11.16-22.16.08:979][  0]LogDerivedDataCache: Using Local data cache path C:/Users/jsacdalan/AppData/Local/UnrealEngine/4.4/DerivedDataCache: Writable
[2014.11.16-22.16.09:123][  0]LogMeshUtilities: No automatic mesh reduction module available
[2014.11.16-22.16.09:123][  0]LogMeshUtilities: No automatic mesh merging module available
[2014.11.16-22.16.09:508][  0]LogInit: WinSock: version 1.1 (2.2), MaxSocks=32767, MaxUdp=65467
[2014.11.16-22.16.10:168][  0]LogStats:Warning: MetaData mismatch. Did you assign a stat to two groups? New //STATGROUP_Threads//FMonitoredProcess///Thread_588_0///////STATCAT_Advanced//// old //STATGROUP_Threads//FMonitoredProcess///Thread_1040_0///////STATCAT_Advanced////
[2014.11.16-22.16.10:168][  0]UdpMessaging: Initializing bridge on interface 0.0.0.0:0 to multicast group 230.0.0.1:6666.
[2014.11.16-22.16.10:287][  0]SourceControl: Info Source control is disabled
[2014.11.16-22.16.10:287][  0]SourceControl: Info Source control is disabled
[2014.11.16-22.16.10:291][  0]SourceControl: Info Source control is disabled
[2014.11.16-22.16.10:421][  0]BlueprintLog: New page: Editor Load
[2014.11.16-22.16.10:492][  0]LogObj: 21454 objects as part of root set at end of initial load.
[2014.11.16-22.16.10:492][  0]LogUObjectAllocator: 4229808 out of 0 bytes used by permanent object pool.
[2014.11.16-22.16.10:685][  0]LogEngine: Initializing Engine...
[2014.11.16-22.16.10:782][  0]LogInit: XAudio2 using 'Speakers (Cirrus Logic CS4206B (AB 32))' : 4 channels at 48 kHz using 32 bits per sample (channel mask 0x33)
[2014.11.16-22.16.10:805][  0]LogInit: FAudioDevice initialized.
[2014.11.16-22.16.10:817][  0]LogAIModule: Creating AISystem for world NewWorld
[2014.11.16-22.16.10:838][  0]LogDerivedDataCache: Saved boot cache 0.02s 39MB C:/Users/jsacdalan/AppData/Local/UnrealEngine/4.4/DerivedDataCache/Boot.ddc.
[2014.11.16-22.16.10:843][  0]LogInit: Texture streaming: Enabled
[2014.11.16-22.16.10:866][  0]LogInit: Transaction tracking system initialized
[2014.11.16-22.16.10:944][  0]LogAssetRegistry: FAssetRegistry took 0.0099 seconds to start up
[2014.11.16-22.16.11:501][  0]LogTargetPlatformManager:Display: Building Assets For Windows
[2014.11.16-22.16.11:972][  0]LogTargetPlatformManager:Display: Building Assets For Windows
[2014.11.16-22.16.12:060][  0]LogConsoleResponse:Display: 
[2014.11.16-22.16.12:237][  0]LogStats:Warning: MetaData mismatch. Did you assign a stat to two groups? New //STATGROUP_Threads//FMonitoredProcess///Thread_e20_0///////STATCAT_Advanced//// old //STATGROUP_Threads//FMonitoredProcess///Thread_1040_0///////STATCAT_Advanced////
[2014.11.16-22.16.12:237][  0]LogStats:Warning: MetaData mismatch. Did you assign a stat to two groups? New //STATGROUP_Threads//FMonitoredProcess///Thread_1644_0///////STATCAT_Advanced//// old //STATGROUP_Threads//FMonitoredProcess///Thread_1040_0///////STATCAT_Advanced////
[2014.11.16-22.16.12:237][  0]SourceControl: Info Source control is disabled
[2014.11.16-22.16.12:237][  0]Cmd: MAP LOAD FILE="../../../../../../Users/jsacdalan/Documents/Claudia/Claudia/Content/Maps/greybox.umap" TEMPLATE=0 SHOWPROGRESS=1
[2014.11.16-22.16.12:237][  0]LightingResults: New page: Lighting Build
[2014.11.16-22.16.12:243][  0]MapCheck: New page: Map Check
[2014.11.16-22.16.12:243][  0]LightingResults: New page: Lighting Build
[2014.11.16-22.16.12:254][  0]LogParticles: Destroying 0 GPU particle simulations for FXSystem 0x0000000013489300
[2014.11.16-22.16.12:255][  0]LogLinker:Warning: Asset '../../../../../../Users/jsacdalan/Documents/Claudia/Claudia/Content/Maps/greybox.umap' has been saved with empty engine version. The asset will be loaded but may be incompatible.
[2014.11.16-22.16.12:440][  0]LogLinker:Warning: Asset '../../../../../../Users/jsacdalan/Documents/Claudia/Claudia/Content/Blueprints/Officer_Blueprint.uasset' has been saved with empty engine version. The asset will be loaded but may be incompatible.
[2014.11.16-22.16.12:442][  0]LogLinker:Warning: Asset '../../../../../../Users/jsacdalan/Documents/Claudia/Claudia/Content/Sprites/Thug_Character/Idle/Thug_Idle_Sprite.uasset' has been saved with empty engine version. The asset will be loaded but may be incompatible.
[2014.11.16-22.16.12:589][  0]LogLinker:Warning: Asset '../../../../../../Users/jsacdalan/Documents/Claudia/Claudia/Content/Blueprints/Thug_Blueprint.uasset' has been saved with empty engine version. The asset will be loaded but may be incompatible.
[2014.11.16-22.16.12:752][  0]LogLinker:Warning: Asset '../../../../../../Users/jsacdalan/Documents/Claudia/Claudia/Content/Blueprints/2DLift.uasset' has been saved with empty engine version. The asset will be loaded but may be incompatible.
[2014.11.16-22.16.12:755][  0]LogLinker:Warning: Asset '../../../../../../Users/jsacdalan/Documents/Claudia/Claudia/Content/Blueprints/Claudia_Blueprint.uasset' has been saved with empty engine version. The asset will be loaded but may be incompatible.
[2014.11.16-22.16.14:271][  0]LogLinker:Warning: Asset '../../../../../../Users/jsacdalan/Documents/Claudia/Claudia/Content/Sprites/Platform.uasset' has been saved with empty engine version. The asset will be loaded but may be incompatible.
[2014.11.16-22.16.14:287][  0]LogLinker:Warning: Asset '../../../../../../Users/jsacdalan/Documents/Claudia/Claudia/Content/Textures/2DBackgroundBlockAtlas.uasset' has been saved with empty engine version. The asset will be loaded but may be incompatible.
[2014.11.16-22.16.14:384][  0]LogLinker:Warning: Asset '../../../../../../Users/jsacdalan/Documents/Claudia/Claudia/Content/Blueprints/GrappleWall_Blueprint.uasset' has been saved with empty engine version. The asset will be loaded but may be incompatible.
[2014.11.16-22.16.14:385][  0]LogLinker:Warning: Asset '../../../../../../Users/jsacdalan/Documents/Claudia/Claudia/Content/Sprites/grapplewall_Sprite.uasset' has been saved with empty engine version. The asset will be loaded but may be incompatible.
[2014.11.16-22.16.14:386][  0]LogLinker:Warning: Asset '../../../../../../Users/jsacdalan/Documents/Claudia/Claudia/Content/Textures/Environment_Textures/grapplewall.uasset' has been saved with empty engine version. The asset will be loaded but may be incompatible.
[2014.11.16-22.16.14:463][  0]LogLinker:Warning: Asset '../../../../../../Users/jsacdalan/Documents/Claudia/Claudia/Content/Sprites/2D_platform_background_1_Sprite.uasset' has been saved with empty engine version. The asset will be loaded but may be incompatible.
[2014.11.16-22.16.18:544][  0]LogTexture:Display: Building textures: Thug_PipeHit (AutoDXT)
[2014.11.16-22.16.22:294][  0]LogTexture:Display: Building textures: grapplewall (AutoDXT)
[2014.11.16-22.16.22:512][  0]LogTexture:Display: Building textures: Chain (AutoDXT)
[2014.11.16-22.16.22:720][  0]LogTexture:Display: Building textures: Fan (AutoDXT)
[2014.11.16-22.16.22:880][  0]LogTexture:Display: Building textures: Gauge (BGRA8)
[2014.11.16-22.16.22:884][  0]LogTexture:Display: Building textures: PipeCurve (AutoDXT)
[2014.11.16-22.16.22:927][  0]LogTexture:Display: Building textures: PipeEnd (BGRA8)
[2014.11.16-22.16.22:930][  0]LogTexture:Display: Building textures: PipeLong (BGRA8)
[2014.11.16-22.16.23:004][  0]LogTexture:Display: Building textures: PipeT (BGRA8)
[2014.11.16-22.16.23:072][  0]LogTexture:Display: Building textures: Rail (AutoDXT)
[2014.11.16-22.16.23:862][  0]LogTexture:Display: Building textures: Scaffolding (AutoDXT)
[2014.11.16-22.16.24:338][  0]LogTexture:Display: Building textures: ScaffoldingLeft (AutoDXT)
[2014.11.16-22.16.24:831][  0]LogTexture:Display: Building textures: ScaffoldingRight (AutoDXT)
[2014.11.16-22.16.25:326][  0]LogTexture:Display: Building textures: SideLeft (AutoDXT)
[2014.11.16-22.16.26:175][  0]LogTexture:Display: Building textures: SideRight (AutoDXT)
[2014.11.16-22.16.27:063][  0]LogTexture:Display: Building textures: StoneBottom (BGRA8)
[2014.11.16-22.16.27:216][  0]LogTexture:Display: Building textures: StoneCorner2 (AutoDXT)
[2014.11.16-22.16.27:832][  0]LogTexture:Display: Building textures: StoneCorner (AutoDXT)
[2014.11.16-22.16.28:472][  0]LogTexture:Display: Building textures: StoneLeft (BGRA8)
[2014.11.16-22.16.28:624][  0]LogTexture:Display: Building textures: StoneLeftBottom (BGRA8)
[2014.11.16-22.16.28:768][  0]LogTexture:Display: Building textures: StoneRight (BGRA8)
[2014.11.16-22.16.28:921][  0]LogTexture:Display: Building textures: StoneRightBottom (BGRA8)
[2014.11.16-22.16.29:071][  0]LogTexture:Display: Building textures: StoneTop (BGRA8)
[2014.11.16-22.16.29:269][  0]LogTexture:Display: Building textures: StoneTopLeft (BGRA8)
[2014.11.16-22.16.29:419][  0]LogTexture:Display: Building textures: StoneTopRight (BGRA8)
[2014.11.16-22.16.29:565][  0]LogTexture:Display: Building textures: Tiling_Stone (AutoDXT)
[2014.11.16-22.16.29:800][  0]LogTexture:Display: Building textures: Wheel (BGRA8)
[2014.11.16-22.16.29:947][  0]LogTexture:Display: Building textures: Window (AutoDXT)
[2014.11.16-22.16.30:316][  0]LogTexture:Display: Building textures: WindowOff (AutoDXT)
[2014.11.16-22.16.32:253][  0]LogTexture:Display: Building textures: HQ_Lightmap0_1 (AutoDXT)
[2014.11.16-22.16.32:490][  0]LogTexture:Display: Building textures: HQ_Lightmap0_2 (AutoDXT)
[2014.11.16-22.16.32:617][  0]LogTexture:Display: Building textures: LQ_Lightmap_0_1 (DXT1)
[2014.11.16-22.16.32:684][  0]LogTexture:Display: Building textures: LQ_Lightmap_0_2 (DXT1)
[2014.11.16-22.16.32:763][  0]LogTexture:Display: Building textures: Officer_Idle (AutoDXT)
[2014.11.16-22.16.33:282][  0]LogEditorServer: Finished looking for orphan Actors (0.000 secs)
[2014.11.16-22.16.33:283][  0]LogAIModule: Creating AISystem for world greybox
[2014.11.16-22.16.33:284][  0]Cmd: MAP CHECKDEP
[2014.11.16-22.16.33:284][  0]MapCheck: New page: greybox - 17 Nov 2014 8:16:33 pm
[2014.11.16-22.16.33:359][  0]MapCheck: Info ========== Map Check: 0 Error(s), 0 Warning(s), [75.247ms] ==========
[2014.11.16-22.16.33:359][  0]LogFileHelpers: Loading map 'greybox' took 21.122
[2014.11.16-22.16.33:617][  0]LogCollectionManager: Loaded 0 collections in 0.001610 seconds
[2014.11.16-22.16.33:757][  0]LogCrashTracker: Crashtracker disabled due to settings.
[2014.11.16-22.16.33:809][  0]LogLoad: Full Startup: 29.77 seconds (BP compile: 0.14 seconds)
[2014.11.16-22.16.33:820][  0]LogContentBrowser:Verbose: The content browser source was changed by the sources view to '/Game/Sprites'
[2014.11.16-22.16.34:162][  0]LogRenderer:Warning: Reallocating scene render targets to support 1520x1256.
[2014.11.16-22.16.34:806][  1]LogAssetRegistry: Asset discovery search completed in 23.8723 seconds
[2014.11.16-22.17.56:360][336]LogContentBrowser:Verbose: The content browser source was changed by the sources view to '/Game/Textures'
[2014.11.16-22.17.59:737][687]LogContentBrowser:Verbose: The content browser source was changed by the sources view to '/Game/Textures/Art'
[2014.11.16-22.18.17:616][774]LogRenderer:Warning: Reallocating scene render targets to support 2032x1256.
[2014.11.16-22.18.34:924][823]Cmd: TRANSACTION UNDO
[2014.11.16-22.18.34:924][823]LogEditorTransaction: Undo Modification in Viewport
[2014.11.16-22.18.49:606][591]LogGeomTools: Triangulation of poly failed.
[2014.11.16-22.18.49:680][591]LogGeomTools: Triangulation of poly failed.
[2014.11.16-22.18.49:765][592]LogGeomTools: Triangulation of poly failed.
[2014.11.16-22.18.49:825][592]LogGeomTools: Triangulation of poly failed.
[2014.11.16-22.18.49:907][593]LogGeomTools: Triangulation of poly failed.
[2014.11.16-22.18.49:966][593]LogGeomTools: Triangulation of poly failed.
[2014.11.16-22.18.50:065][594]LogGeomTools: Triangulation of poly failed.
[2014.11.16-22.18.50:163][595]LogGeomTools: Triangulation of poly failed.
[2014.11.16-22.18.50:290][596]LogGeomTools: Triangulation of poly failed.
[2014.11.16-22.18.50:376][596]LogGeomTools: Triangulation of poly failed.
[2014.11.16-22.18.50:465][597]LogGeomTools: Triangulation of poly failed.
[2014.11.16-22.18.50:534][597]LogGeomTools: Triangulation of poly failed.
[2014.11.16-22.18.50:631][598]LogGeomTools: Triangulation of poly failed.
[2014.11.16-22.18.50:709][598]LogGeomTools: Triangulation of poly failed.
[2014.11.16-22.18.50:793][599]LogGeomTools: Triangulation of poly failed.
[2014.11.16-22.18.50:901][600]LogGeomTools: Triangulation of poly failed.
[2014.11.16-22.18.51:014][600]LogGeomTools: Triangulation of poly failed.
[2014.11.16-22.18.51:134][601]LogGeomTools: Triangulation of poly failed.
[2014.11.16-22.18.51:194][601]LogGeomTools: Triangulation of poly failed.
[2014.11.16-22.18.51:267][602]LogGeomTools: Triangulation of poly failed.
[2014.11.16-22.18.51:365][602]LogGeomTools: Triangulation of poly failed.
[2014.11.16-22.20.02:503][740]LogEditorViewport: Clicking on Actor (context menu): PaperSpriteActor (2D_platform_background_1_Sprite)
[2014.11.16-22.21.14:353][ 14]LogPlayLevel: PIE:  No blueprints needed recompiling
[2014.11.16-22.21.14:353][ 14]PIE: New page: PIE session: greybox (17 Nov 2014 8:21:14 pm)
[2014.11.16-22.21.14:464][ 14]LogPlayLevel: PIE: StaticDuplicateObject took: (0.111263s)
[2014.11.16-22.21.14:465][ 14]LogPlayLevel: PIE: World Init took: (0.000706s)
[2014.11.16-22.21.14:466][ 14]LogPlayLevel: PIE: Created PIE world by copying editor world from /Game/Maps/greybox.greybox to /Game/Maps/UEDPIE_0_greybox.greybox (0.112739s)
[2014.11.16-22.21.14:539][ 14]LogLinker:Warning: Asset '../../../../../../Users/jsacdalan/Documents/Claudia/Claudia/Content/Blueprints/ClaudiaGameMode_Blueprint.uasset' has been saved with empty engine version. The asset will be loaded but may be incompatible.
[2014.11.16-22.21.14:544][ 14]LogWorld: Game class is 'ClaudiaGameMode_Blueprint_C'
[2014.11.16-22.21.14:599][ 14]LogAIModule: Creating AISystem for world greybox
[2014.11.16-22.21.14:681][ 14]LogWorld: Bringing World /Game/Maps/UEDPIE_0_greybox.greybox up for play (max tick rate 0) at 2014.11.17-09.21.14
[2014.11.16-22.21.14:750][ 14]LogWorld: Bringing up level for play took: 0.151573
[2014.11.16-22.21.14:813][ 14]PIE: Info Play in editor start time for /Game/Maps/UEDPIE_0_greybox 0.282
[2014.11.16-22.21.15:366][ 15]LogRenderer:Warning: Reallocating scene render targets to support 2032x1264.
[2014.11.16-22.21.33:907][903]LogActorComponent: UnregisterComponent: (/Engine/Transient.CharacterMovementComponent_0) Not registered. Aborting.
[2014.11.16-22.21.33:907][903]LogActorComponent: UnregisterComponent: (/Engine/Transient.CharacterMovementComponent_1) Not registered. Aborting.
[2014.11.16-22.21.33:907][903]LogActorComponent: UnregisterComponent: (/Engine/Transient.CharacterMovementComponent_2) Not registered. Aborting.
[2014.11.16-22.21.33:954][903]LogParticles: Destroying 0 GPU particle simulations for FXSystem 0x0000000020126660
[2014.11.16-22.21.33:955][903]LogParticles: Destroying 0 GPU particle simulations for FXSystem 0x000000000D330220
[2014.11.16-22.21.42:932][474]Cmd: QUIT_EDITOR
[2014.11.16-22.21.43:068][474]LogWindowsTextInputMethodSystem:Error: Terminating failed while unadvising the language notification sink from the TSF source.
[2014.11.16-22.21.43:068][474]LogExit: Preparing to exit.
[2014.11.16-22.21.43:284][474]LogExit: Editor shut down
[2014.11.16-22.21.43:285][474]LogExit: Transaction tracking system shut down
[2014.11.16-22.21.43:291][474]LogParticles: Destroying 0 GPU particle simulations for FXSystem 0x0000000016B28D60
[2014.11.16-22.21.43:317][474]LogParticles: Destroying 0 GPU particle simulations for FXSystem 0x0000000029226C00
[2014.11.16-22.21.43:317][474]LogParticles: Destroying 0 GPU particle simulations for FXSystem 0x000000000D277E20
[2014.11.16-22.21.43:317][474]LogExit: Object subsystem successfully closed.
[2014.11.16-22.21.43:396][474]LogModuleManager: Shutting down and abandoning module AndroidDeviceDetection (162)
[2014.11.16-22.21.43:396][474]LogModuleManager: Shutting down and abandoning module HTTP (161)
[2014.11.16-22.21.43:396][474]LogModuleManager: Shutting down and abandoning module CrashTracker (160)
[2014.11.16-22.21.43:396][474]LogModuleManager: Shutting down and abandoning module SuperSearch (159)
[2014.11.16-22.21.43:413][474]LogModuleManager: Shutting down and abandoning module SceneOutliner (158)
[2014.11.16-22.21.43:413][474]LogModuleManager: Shutting down and abandoning module EditorWidgets (157)
[2014.11.16-22.21.43:413][474]LogModuleManager: Shutting down and abandoning module CollectionManager (156)
[2014.11.16-22.21.43:413][474]LogModuleManager: Shutting down and abandoning module StatsViewer (155)
[2014.11.16-22.21.43:413][474]LogModuleManager: Shutting down and abandoning module FoliageEdit (154)
[2014.11.16-22.21.43:413][474]LogModuleManager: Shutting down and abandoning module LandscapeEditor (153)
[2014.11.16-22.21.43:413][474]LogModuleManager: Shutting down and abandoning module MeshPaint (152)
[2014.11.16-22.21.43:413][474]LogModuleManager: Shutting down and abandoning module ActorPickerMode (151)
[2014.11.16-22.21.43:413][474]LogModuleManager: Shutting down and abandoning module GeometryMode (150)
[2014.11.16-22.21.43:413][474]LogModuleManager: Shutting down and abandoning module TextureAlignMode (149)
[2014.11.16-22.21.43:413][474]LogModuleManager: Shutting down and abandoning module BspMode (148)
[2014.11.16-22.21.43:413][474]LogModuleManager: Shutting down and abandoning module PlacementMode (147)
[2014.11.16-22.21.43:413][474]LogModuleManager: Shutting down and abandoning module DesktopPlatform (146)
[2014.11.16-22.21.43:413][474]LogModuleManager: Shutting down and abandoning module AutomationWorker (145)
[2014.11.16-22.21.43:413][474]LogModuleManager: Shutting down and abandoning module EditorLiveStreaming (144)
[2014.11.16-22.21.43:413][474]LogModuleManager: Shutting down and abandoning module BehaviorTreeEditor (143)
[2014.11.16-22.21.43:413][474]LogModuleManager: Shutting down and abandoning module DeviceProfileEditor (142)
[2014.11.16-22.21.43:413][474]LogModuleManager: Shutting down and abandoning module UndoHistory (141)
[2014.11.16-22.21.43:413][474]LogModuleManager: Shutting down and abandoning module GameplayTagsEditor (140)
[2014.11.16-22.21.43:413][474]LogModuleManager: Shutting down and abandoning module UserFeedback (139)
[2014.11.16-22.21.43:413][474]LogModuleManager: Shutting down and abandoning module XmlParser (138)
[2014.11.16-22.21.43:413][474]LogModuleManager: Shutting down and abandoning module Blutility (137)
[2014.11.16-22.21.43:413][474]LogModuleManager: Shutting down and abandoning module IOSPlatformEditor (136)
[2014.11.16-22.21.43:413][474]LogModuleManager: Shutting down and abandoning module IOSRuntimeSettings (135)
[2014.11.16-22.21.43:413][474]LogModuleManager: Shutting down and abandoning module AndroidPlatformEditor (134)
[2014.11.16-22.21.43:413][474]LogModuleManager: Shutting down and abandoning module AndroidRuntimeSettings (133)
[2014.11.16-22.21.43:413][474]LogModuleManager: Shutting down and abandoning module ProjectTargetPlatformEditor (132)
[2014.11.16-22.21.43:413][474]LogModuleManager: Shutting down and abandoning module ProjectSettingsViewer (131)
[2014.11.16-22.21.43:413][474]LogModuleManager: Shutting down and abandoning module InputBindingEditor (130)
[2014.11.16-22.21.43:413][474]LogModuleManager: Shutting down and abandoning module EditorSettingsViewer (129)
[2014.11.16-22.21.43:413][474]LogModuleManager: Shutting down and abandoning module SettingsEditor (128)
[2014.11.16-22.21.43:413][474]LogModuleManager: Shutting down and abandoning module SessionLauncher (127)
[2014.11.16-22.21.43:413][474]LogModuleManager: Shutting down and abandoning module SessionFrontend (126)
[2014.11.16-22.21.43:413][474]LogModuleManager: Shutting down and abandoning module ProfilerClient (125)
[2014.11.16-22.21.43:413][474]LogModuleManager: Shutting down and abandoning module TargetDeviceServices (124)
[2014.11.16-22.21.43:413][474]LogModuleManager: Shutting down and abandoning module DeviceManager (123)
[2014.11.16-22.21.43:414][474]LogModuleManager: Shutting down and abandoning module AutomationController (122)
[2014.11.16-22.21.43:414][474]LogModuleManager: Shutting down and abandoning module AutomationWindow (121)
[2014.11.16-22.21.43:414][474]LogModuleManager: Shutting down and abandoning module Layers (120)
[2014.11.16-22.21.43:414][474]LogModuleManager: Shutting down and abandoning module ComponentVisualizers (119)
[2014.11.16-22.21.43:414][474]LogModuleManager: Shutting down and abandoning module DetailCustomizations (118)
[2014.11.16-22.21.43:414][474]LogModuleManager: Shutting down and abandoning module PackagesDialog (117)
[2014.11.16-22.21.43:414][474]LogModuleManager: Shutting down and abandoning module DirectoryWatcher (116)
[2014.11.16-22.21.43:414][474]LogModuleManager: Shutting down and abandoning module AssetRegistry (115)
[2014.11.16-22.21.43:498][474]LogModuleManager: Shutting down and abandoning module Persona (114)
[2014.11.16-22.21.43:498][474]LogModuleManager: Shutting down and abandoning module GraphEditor (113)
[2014.11.16-22.21.43:498][474]LogModuleManager: Shutting down and abandoning module ClassViewer (112)
[2014.11.16-22.21.43:498][474]LogModuleManager: Shutting down and abandoning module Toolbox (111)
[2014.11.16-22.21.43:498][474]LogModuleManager: Shutting down and abandoning module ModuleUI (110)
[2014.11.16-22.21.43:498][474]LogModuleManager: Shutting down and abandoning module Sequencer (109)
[2014.11.16-22.21.43:499][474]LogModuleManager: Shutting down and abandoning module MovieSceneTools (108)
[2014.11.16-22.21.43:499][474]LogModuleManager: Shutting down and abandoning module OutputLog (107)
[2014.11.16-22.21.43:499][474]LogModuleManager: Shutting down and abandoning module GammaUI (106)
[2014.11.16-22.21.43:499][474]LogModuleManager: Shutting down and abandoning module Documentation (105)
[2014.11.16-22.21.43:499][474]LogModuleManager: Shutting down and abandoning module GameLiveStreaming (104)
[2014.11.16-22.21.43:499][474]LogModuleManager: Shutting down and abandoning module StreamingPauseRendering (103)
[2014.11.16-22.21.43:499][474]LogModuleManager: Shutting down and abandoning module AnalyticsET (102)
[2014.11.16-22.21.43:499][474]LogModuleManager: Shutting down and abandoning module Analytics (101)
[2014.11.16-22.21.43:499][474]LogModuleManager: Shutting down and abandoning module GameplayDebugger (100)
[2014.11.16-22.21.43:499][474]LogModuleManager: Shutting down and abandoning module AIModule (99)
[2014.11.16-22.21.43:499][474]LogModuleManager: Shutting down and abandoning module ProfilerService (98)
[2014.11.16-22.21.43:527][474]LogModuleManager: Shutting down and abandoning module TaskGraph (97)
[2014.11.16-22.21.43:527][474]LogModuleManager: Shutting down and abandoning module SlateRemote (96)
[2014.11.16-22.21.43:527][474]LogModuleManager: Shutting down and abandoning module ScriptEditorPlugin (95)
[2014.11.16-22.21.43:527][474]LogModuleManager: Shutting down and abandoning module CustomMeshComponent (94)
[2014.11.16-22.21.43:527][474]LogModuleManager: Shutting down and abandoning module CableComponent (93)
[2014.11.16-22.21.43:527][474]LogModuleManager: Shutting down and abandoning module MessagingDebugger (92)
[2014.11.16-22.21.43:527][474]LogModuleManager: Shutting down and abandoning module ViewportSnapping (91)
[2014.11.16-22.21.43:527][474]LogModuleManager: Shutting down and abandoning module SmartSnapping (90)
[2014.11.16-22.21.43:527][474]LogModuleManager: Shutting down and abandoning module PaperTiledImporter (89)
[2014.11.16-22.21.43:527][474]LogModuleManager: Shutting down and abandoning module PaperJsonImporter (88)
[2014.11.16-22.21.43:527][474]LogModuleManager: Shutting down and abandoning module GameProjectGeneration (87)
[2014.11.16-22.21.43:527][474]LogModuleManager: Shutting down and abandoning module Matinee (86)
[2014.11.16-22.21.43:527][474]LogModuleManager: Shutting down and abandoning module Kismet (85)
[2014.11.16-22.21.43:527][474]LogModuleManager: Shutting down and abandoning module SlateReflector (84)
[2014.11.16-22.21.43:527][474]LogModuleManager: Shutting down and abandoning module LevelEditor (83)
[2014.11.16-22.21.43:529][474]LogModuleManager: Shutting down and abandoning module IntroTutorials (82)
[2014.11.16-22.21.43:529][474]LogModuleManager: Shutting down and abandoning module ContentBrowser (81)
[2014.11.16-22.21.43:529][474]LogModuleManager: Shutting down and abandoning module PropertyEditor (80)
[2014.11.16-22.21.43:529][474]LogModuleManager: Shutting down and abandoning module AssetTools (79)
[2014.11.16-22.21.43:529][474]LogModuleManager: Shutting down and abandoning module Paper2DEditor (78)
[2014.11.16-22.21.43:529][474]LogModuleManager: Shutting down and abandoning module SpeedTreeImporter (77)
[2014.11.16-22.21.43:529][474]LogModuleManager: Shutting down and abandoning module PluginsEditor (76)
[2014.11.16-22.21.43:529][474]LogModuleManager: Shutting down and abandoning module MainFrame (75)
[2014.11.16-22.21.43:529][474]LogModuleManager: Shutting down and abandoning module EpicSurvey (74)
[2014.11.16-22.21.43:529][474]LogModuleManager: Shutting down and abandoning module VisualStudioSourceCodeAccess (73)
[2014.11.16-22.21.43:529][474]LogModuleManager: Shutting down and abandoning module UObjectPlugin (72)
[2014.11.16-22.21.43:529][474]LogModuleManager: Shutting down and abandoning module SubversionSourceControl (71)
[2014.11.16-22.21.43:529][474]LogModuleManager: Shutting down and abandoning module SourceControl (70)
[2014.11.16-22.21.43:529][474]LogModuleManager: Shutting down and abandoning module PerforceSourceControl (69)
[2014.11.16-22.21.43:529][474]LogModuleManager: Shutting down and abandoning module BlankPlugin (68)
[2014.11.16-22.21.43:529][474]LogModuleManager: Shutting down and abandoning module Claudia (67)
[2014.11.16-22.21.43:529][474]LogModuleManager: Shutting down and abandoning module ScriptPlugin (66)
[2014.11.16-22.21.43:529][474]LogModuleManager: Shutting down and abandoning module UdpMessaging (65)
[2014.11.16-22.21.43:629][474]LogModuleManager: Shutting down and abandoning module Paper2D (64)
[2014.11.16-22.21.43:629][474]LogModuleManager: Shutting down and abandoning module WindowsMoviePlayer (63)
[2014.11.16-22.21.43:633][474]LogModuleManager: Shutting down and abandoning module ImageWrapper (62)
[2014.11.16-22.21.43:633][474]LogModuleManager: Shutting down and abandoning module OnlineBlueprintSupport (61)
[2014.11.16-22.21.43:633][474]LogModuleManager: Shutting down and abandoning module FunctionalTesting (60)
[2014.11.16-22.21.43:634][474]LogModuleManager: Shutting down and abandoning module CollisionAnalyzer (59)
[2014.11.16-22.21.43:634][474]LogModuleManager: Shutting down and abandoning module WorkspaceMenuStructure (58)
[2014.11.16-22.21.43:634][474]LogModuleManager: Shutting down and abandoning module MessageLog (57)
[2014.11.16-22.21.43:634][474]LogModuleManager: Shutting down and abandoning module UMGEditor (56)
[2014.11.16-22.21.43:634][474]LogModuleManager: Shutting down and abandoning module UMG (55)
[2014.11.16-22.21.43:634][474]LogModuleManager: Shutting down and abandoning module Slate (54)
[2014.11.16-22.21.43:634][474]LogModuleManager: Shutting down and abandoning module EditorStyle (53)
[2014.11.16-22.21.43:636][474]LogModuleManager: Shutting down and abandoning module SessionServices (52)
[2014.11.16-22.21.43:636][474]LogModuleManager: Shutting down and abandoning module SourceCodeAccess (51)
[2014.11.16-22.21.43:636][474]LogModuleManager: Shutting down and abandoning module HeadMountedDisplay (50)
[2014.11.16-22.21.43:636][474]LogModuleManager: Shutting down and abandoning module XAudio2 (49)
[2014.11.16-22.21.43:636][474]LogModuleManager: Shutting down and abandoning module Networking (47)
[2014.11.16-22.21.43:636][474]LogModuleManager: Shutting down and abandoning module Core (46)
[2014.11.16-22.21.43:636][474]LogModuleManager: Shutting down and abandoning module KismetCompiler (45)
[2014.11.16-22.21.43:636][474]LogModuleManager: Shutting down and abandoning module PhysXFormats (44)
[2014.11.16-22.21.43:636][474]LogModuleManager: Shutting down and abandoning module MeshUtilities (43)
[2014.11.16-22.21.43:636][474]LogModuleManager: Shutting down and abandoning module DerivedDataCache (42)
[2014.11.16-22.21.43:688][474]LogDerivedDataCache: Shutdown
[2014.11.16-22.21.43:688][474]LogModuleManager: Shutting down and abandoning module ShaderFormatOpenGL (41)
[2014.11.16-22.21.43:688][474]LogModuleManager: Shutting down and abandoning module ShaderFormatD3D (40)
[2014.11.16-22.21.43:688][474]LogModuleManager: Shutting down and abandoning module MetalShaderFormat (39)
[2014.11.16-22.21.43:688][474]LogModuleManager: Shutting down and abandoning module TextureFormatUncompressed (38)
[2014.11.16-22.21.43:688][474]LogModuleManager: Shutting down and abandoning module TextureFormatPVR (37)
[2014.11.16-22.21.43:688][474]LogModuleManager: Shutting down and abandoning module TextureFormatDXT (36)
[2014.11.16-22.21.43:688][474]LogModuleManager: Shutting down and abandoning module TextureFormatAndroid (35)
[2014.11.16-22.21.43:688][474]LogModuleManager: Shutting down and abandoning module AudioFormatOpus (34)
[2014.11.16-22.21.43:688][474]LogModuleManager: Shutting down and abandoning module AudioFormatOgg (33)
[2014.11.16-22.21.43:688][474]LogModuleManager: Shutting down and abandoning module AudioFormatADPCM (32)
[2014.11.16-22.21.43:688][474]LogModuleManager: Shutting down and abandoning module Messaging (31)
[2014.11.16-22.21.43:688][474]LogModuleManager: Shutting down and abandoning module IOSTargetPlatform (30)
[2014.11.16-22.21.43:688][474]LogModuleManager: Shutting down and abandoning module Android_PVRTCTargetPlatform (29)
[2014.11.16-22.21.43:688][474]LogModuleManager: Shutting down and abandoning module Android_ETC2TargetPlatform (28)
[2014.11.16-22.21.43:688][474]LogModuleManager: Shutting down and abandoning module Android_ETC1TargetPlatform (27)
[2014.11.16-22.21.43:688][474]LogModuleManager: Shutting down and abandoning module Android_DXTTargetPlatform (26)
[2014.11.16-22.21.43:688][474]LogModuleManager: Shutting down and abandoning module Android_ATCTargetPlatform (25)
[2014.11.16-22.21.43:688][474]LogModuleManager: Shutting down and abandoning module AndroidTargetPlatform (24)
[2014.11.16-22.21.43:688][474]LogModuleManager: Shutting down and abandoning module WindowsTargetPlatform (23)
[2014.11.16-22.21.43:688][474]LogModuleManager: Shutting down and abandoning module WindowsServerTargetPlatform (22)
[2014.11.16-22.21.43:688][474]LogModuleManager: Shutting down and abandoning module WindowsNoEditorTargetPlatform (21)
[2014.11.16-22.21.43:688][474]LogModuleManager: Shutting down and abandoning module WindowsClientTargetPlatform (20)
[2014.11.16-22.21.43:688][474]LogModuleManager: Shutting down and abandoning module TargetPlatform (19)
[2014.11.16-22.21.43:688][474]LogModuleManager: Shutting down and abandoning module InputCore (18)
[2014.11.16-22.21.43:688][474]LogModuleManager: Shutting down and abandoning module Settings (17)
[2014.11.16-22.21.43:688][474]LogModuleManager: Shutting down and abandoning module ExampleDeviceProfileSelector (14)
[2014.11.16-22.21.43:688][474]LogModuleManager: Shutting down and abandoning module OculusRift (13)
[2014.11.16-22.21.43:688][474]LogModuleManager: Shutting down and abandoning module TextureCompressor (12)
[2014.11.16-22.21.43:688][474]LogModuleManager: Shutting down and abandoning module ShaderCore (11)
[2014.11.16-22.21.43:688][474]LogModuleManager: Shutting down and abandoning module OpenGLDrv (10)
[2014.11.16-22.21.43:688][474]LogModuleManager: Shutting down and abandoning module D3D11RHI (9)
[2014.11.16-22.21.43:688][474]LogModuleManager: Shutting down and abandoning module SlateRHIRenderer (8)
[2014.11.16-22.21.43:688][474]LogModuleManager: Shutting down and abandoning module Renderer (7)
[2014.11.16-22.21.43:688][474]LogModuleManager: Shutting down and abandoning module Engine (6)
[2014.11.16-22.21.43:688][474]LogModuleManager: Shutting down and abandoning module CoreUObject (5)
[2014.11.16-22.21.43:688][474]LogModuleManager: Shutting down and abandoning module NetworkFile (4)
[2014.11.16-22.21.43:688][474]LogModuleManager: Shutting down and abandoning module StreamingFile (3)
[2014.11.16-22.21.43:688][474]LogModuleManager: Shutting down and abandoning module SandboxFile (2)
[2014.11.16-22.21.43:688][474]LogModuleManager: Shutting down and abandoning module PakFile (1)
[2014.11.16-22.21.43:689][474]LogExit: Exiting.
[2014.11.16-22.21.43:695][474]Log file closed, 11/17/14 09:21:43
